<?xml version="1.0" encoding="UTF-8"?>
<!-- Generated by org.testng.reporters.JUnitXMLReporter -->
<testsuite hostname="CWJShen" ignored="0" name="TestBatches" tests="3" failures="0" timestamp="26 Jan 2018 17:32:42 GMT" time="6.304" errors="0">
  <testcase name="feature" time="0.002" classname="cucumber.api.testng.AbstractTestNGCucumberTests"/>
  <testcase name="TestOne" time="3.162" classname="com.revature.TestBatches"/>
  <testcase name="TestTwo" time="3.09" classname="com.revature.TestBatches"/>
</testsuite> <!-- TestBatches -->
