<?xml version="1.0" encoding="UTF-8"?>
<!-- Generated by org.testng.reporters.JUnitXMLReporter -->
<testsuite hostname="CWJShen" ignored="0" name="Test" tests="6" failures="0" timestamp="26 Jan 2018 17:27:32 GMT" time="13.148" errors="0">
  <testcase name="feature" time="0.009" classname="cucumber.api.testng.AbstractTestNGCucumberTests"/>
  <testcase name="TestOne" time="3.185" classname="com.revature.TestOverview"/>
  <testcase name="TestTwo" time="3.093" classname="com.revature.TestOverview"/>
  <testcase name="feature" time="0.001" classname="cucumber.api.testng.AbstractTestNGCucumberTests"/>
  <testcase name="TestOne" time="3.152" classname="com.revature.TestBatches"/>
  <testcase name="TestTwo" time="3.09" classname="com.revature.TestBatches"/>
</testsuite> <!-- Test -->
