<?xml version="1.0" encoding="UTF-8"?>
<!-- Generated by org.testng.reporters.JUnitXMLReporter -->
<testsuite hostname="MSI" ignored="0" name="TestOverview" tests="2" failures="1" timestamp="27 Jan 2018 20:33:04 GMT" time="3.661" errors="0">
  <testcase name="feature" time="0.011" classname="cucumber.api.testng.AbstractTestNGCucumberTests"/>
  <testcase name="TestClickOverview" time="3.152" classname="com.revature.TestOverview">
    <failure type="java.lang.AssertionError" message="Can&amp;apos;t find overview button">
      <![CDATA[java.lang.AssertionError: Can't find overview buttonat com.revature.TestOverview.TestClickOverview(TestOverview.java:62)... Removed 26 stack frames]]>
    </failure>
  </testcase> <!-- TestClickOverview -->
</testsuite> <!-- TestOverview -->
