<?xml version="1.0" encoding="UTF-8"?>
<!-- Generated by org.testng.reporters.JUnitXMLReporter -->
<testsuite hostname="MSI" ignored="0" name="Default test" tests="3" failures="0" timestamp="27 Jan 2018 23:17:52 GMT" time="7.699" errors="0">
  <testcase name="feature" time="0.01" classname="cucumber.api.testng.AbstractTestNGCucumberTests"/>
  <testcase name="TestClickOverview" time="3.121" classname="com.revature.TestOverview"/>
  <testcase name="CheckNameFilterDSC" time="4.116" classname="com.revature.TestOverview"/>
</testsuite> <!-- Default test -->
