<?xml version="1.0" encoding="UTF-8"?>
<!-- Generated by org.testng.reporters.JUnitXMLReporter -->
<testsuite hostname="CWJShen" ignored="0" name="Test Overview Tab" tests="4" failures="0" timestamp="27 Jan 2018 20:29:13 GMT" time="6.858" errors="0">
  <testcase name="feature" time="0.011" classname="cucumber.api.testng.AbstractTestNGCucumberTests"/>
  <testcase name="feature" time="0.002" classname="cucumber.api.testng.AbstractTestNGCucumberTests"/>
  <testcase name="TestOne" time="3.178" classname="com.revature.tests.trainer.TestOverview"/>
  <testcase name="TestTwo" time="3.109" classname="com.revature.tests.trainer.TestOverview"/>
</testsuite> <!-- Test Overview Tab -->
