<?xml version="1.0" encoding="UTF-8"?>
<!-- Generated by org.testng.reporters.JUnitXMLReporter -->
<testsuite hostname="MSI" ignored="0" name="Test Settings Tab" tests="3" failures="1" timestamp="27 Jan 2018 23:54:29 GMT" time="2.182" errors="0">
  <testcase name="feature" time="0.001" classname="cucumber.api.testng.AbstractTestNGCucumberTests"/>
  <testcase name="feature" time="0.0" classname="cucumber.api.testng.AbstractTestNGCucumberTests"/>
  <testcase name="TestOne" time="2.157" classname="com.revature.tests.trainer.TestSettings">
    <failure type="java.lang.AssertionError" message="Error with Settings Tab for Trainer">
      <![CDATA[java.lang.AssertionError: Error with Settings Tab for Trainerat com.revature.tests.trainer.TestSettings.TestOne(TestSettings.java:29)... Removed 26 stack frames]]>
    </failure>
  </testcase> <!-- TestOne -->
</testsuite> <!-- Test Settings Tab -->
