<?xml version="1.0" encoding="UTF-8"?>
<!-- Generated by org.testng.reporters.JUnitXMLReporter -->
<testsuite hostname="CWJShen" ignored="0" name="Test Batches Tab" tests="5" failures="1" timestamp="27 Jan 2018 20:29:23 GMT" time="9.461" errors="0">
  <testcase name="feature" time="0.0" classname="cucumber.api.testng.AbstractTestNGCucumberTests"/>
  <testcase name="feature" time="0.003" classname="cucumber.api.testng.AbstractTestNGCucumberTests"/>
  <testcase name="TestLocations" time="3.226" classname="com.revature.tests.trainer.TestBatches">
    <failure type="java.lang.AssertionError" message="Revature HQ and/or New York City drop downs not found. Not in Locations tab">
      <![CDATA[java.lang.AssertionError: Revature HQ and/or New York City drop downs not found. Not in Locations tabat com.revature.tests.trainer.TestBatches.TestLocations(TestBatches.java:62)... Removed 26 stack frames]]>
    </failure>
  </testcase> <!-- TestLocations -->
  <testcase name="TestOne" time="3.102" classname="com.revature.tests.trainer.TestBatches"/>
  <testcase name="TestTwo" time="3.094" classname="com.revature.tests.trainer.TestBatches"/>
</testsuite> <!-- Test Batches Tab -->
