<?xml version="1.0" encoding="UTF-8"?>
<!-- Generated by org.testng.reporters.JUnitXMLReporter -->
<testsuite hostname="CWJShen" ignored="0" name="Test Overview Tab" tests="4" failures="0" timestamp="27 Jan 2018 23:11:12 GMT" time="6.628" errors="0">
  <testcase name="feature" time="0.007" classname="cucumber.api.testng.AbstractTestNGCucumberTests"/>
  <testcase name="feature" time="0.001" classname="cucumber.api.testng.AbstractTestNGCucumberTests"/>
  <testcase name="TestOne" time="3.16" classname="com.revature.tests.trainer.TestOverview"/>
  <testcase name="TestTwo" time="3.092" classname="com.revature.tests.trainer.TestOverview"/>
</testsuite> <!-- Test Overview Tab -->
