<?xml version="1.0" encoding="UTF-8"?>
<!-- Generated by org.testng.reporters.JUnitXMLReporter -->
<testsuite hostname="CWJShen" ignored="0" name="Test Batches Tab" tests="5" failures="1" timestamp="27 Jan 2018 23:10:45 GMT" time="9.387" errors="0">
  <testcase name="feature" time="0.0" classname="cucumber.api.testng.AbstractTestNGCucumberTests"/>
  <testcase name="feature" time="0.001" classname="cucumber.api.testng.AbstractTestNGCucumberTests"/>
  <testcase name="TestLocations" time="3.19" classname="com.revature.tests.trainer.TestBatches">
    <failure type="java.lang.AssertionError" message="Revature HQ and/or New York City drop downs not found. Not in Locations tab">
      <![CDATA[java.lang.AssertionError: Revature HQ and/or New York City drop downs not found. Not in Locations tabat com.revature.tests.trainer.TestBatches.TestLocations(TestBatches.java:42)... Removed 26 stack frames]]>
    </failure>
  </testcase> <!-- TestLocations -->
  <testcase name="TestOne" time="3.097" classname="com.revature.tests.trainer.TestBatches"/>
  <testcase name="TestTwo" time="3.071" classname="com.revature.tests.trainer.TestBatches"/>
</testsuite> <!-- Test Batches Tab -->
