<?xml version="1.0" encoding="UTF-8"?>
<!-- Generated by org.testng.reporters.JUnitXMLReporter -->
<testsuite hostname="CWJShen" ignored="0" name="Test Locations Tab" tests="3" failures="1" timestamp="27 Jan 2018 20:29:26 GMT" time="3.173" errors="0">
  <testcase name="feature" time="0.001" classname="cucumber.api.testng.AbstractTestNGCucumberTests"/>
  <testcase name="feature" time="0.001" classname="cucumber.api.testng.AbstractTestNGCucumberTests"/>
  <testcase name="TestOne" time="3.14" classname="com.revature.tests.trainer.TestLocations">
    <failure type="java.lang.AssertionError" message="Revature HQ and/or New York City drop downs not found. Not in Locations tab">
      <![CDATA[java.lang.AssertionError: Revature HQ and/or New York City drop downs not found. Not in Locations tabat com.revature.tests.trainer.TestLocations.TestOne(TestLocations.java:30)... Removed 26 stack frames]]>
    </failure>
  </testcase> <!-- TestOne -->
</testsuite> <!-- Test Locations Tab -->
