<?xml version="1.0" encoding="UTF-8"?>
<testng-results skipped="0" failed="4" ignored="0" total="28" passed="24">
  <reporter-output>
  </reporter-output>
  <suite name="Default suite" duration-ms="38451" started-at="2018-01-29T22:13:52Z" finished-at="2018-01-29T22:14:30Z">
    <groups>
      <group name="cucumber">
        <method signature="AbstractTestNGCucumberTests.feature(cucumber.api.testng.CucumberFeatureWrapper)[pri:0, instance:com.revature.tests.trainer.TestOverview@6f01b95f]" name="feature" class="cucumber.api.testng.AbstractTestNGCucumberTests"/>
      </group> <!-- cucumber -->
    </groups>
    <test name="Default test" duration-ms="38451" started-at="2018-01-29T22:13:52Z" finished-at="2018-01-29T22:14:30Z">
      <class name="com.revature.tests.trainer.TestOverview">
        <test-method status="PASS" signature="beforeSuite()[pri:0, instance:com.revature.tests.trainer.TestOverview@6f01b95f]" name="beforeSuite" is-config="true" duration-ms="3759" started-at="2018-01-29T17:13:48Z" finished-at="2018-01-29T17:13:52Z">
          <reporter-output>
          </reporter-output>
        </test-method> <!-- beforeSuite -->
        <test-method status="PASS" signature="beforeTest()[pri:0, instance:com.revature.tests.trainer.TestOverview@6f01b95f]" name="beforeTest" is-config="true" duration-ms="1" started-at="2018-01-29T17:13:52Z" finished-at="2018-01-29T17:13:52Z">
          <reporter-output>
          </reporter-output>
        </test-method> <!-- beforeTest -->
        <test-method status="PASS" signature="setUpClass()[pri:0, instance:com.revature.tests.trainer.TestOverview@6f01b95f]" name="setUpClass" is-config="true" duration-ms="295" started-at="2018-01-29T17:13:52Z" finished-at="2018-01-29T17:13:52Z">
          <reporter-output>
          </reporter-output>
        </test-method> <!-- setUpClass -->
        <test-method status="PASS" signature="feature(cucumber.api.testng.CucumberFeatureWrapper)[pri:0, instance:com.revature.tests.trainer.TestOverview@6f01b95f]" name="feature" duration-ms="8" started-at="2018-01-29T17:13:52Z" description="Runs Cucumber Feature" data-provider="features" finished-at="2018-01-29T17:13:52Z">
          <params>
            <param index="0">
              <value>
                <![CDATA[I want to display information under two tabs]]>
              </value>
            </param>
          </params>
          <reporter-output>
          </reporter-output>
        </test-method> <!-- feature -->
        <test-method status="PASS" signature="feature(cucumber.api.testng.CucumberFeatureWrapper)[pri:0, instance:com.revature.tests.trainer.TestOverview@6f01b95f]" name="feature" duration-ms="1" started-at="2018-01-29T17:13:52Z" description="Runs Cucumber Feature" data-provider="features" finished-at="2018-01-29T17:13:52Z">
          <params>
            <param index="0">
              <value>
                <![CDATA[Locations Tab for trainers]]>
              </value>
            </param>
          </params>
          <reporter-output>
          </reporter-output>
        </test-method> <!-- feature -->
        <test-method status="PASS" signature="feature(cucumber.api.testng.CucumberFeatureWrapper)[pri:0, instance:com.revature.tests.trainer.TestOverview@6f01b95f]" name="feature" duration-ms="2" started-at="2018-01-29T17:13:52Z" description="Runs Cucumber Feature" data-provider="features" finished-at="2018-01-29T17:13:52Z">
          <params>
            <param index="0">
              <value>
                <![CDATA[Overview Tab for trainers]]>
              </value>
            </param>
          </params>
          <reporter-output>
          </reporter-output>
        </test-method> <!-- feature -->
        <test-method status="PASS" signature="feature(cucumber.api.testng.CucumberFeatureWrapper)[pri:0, instance:com.revature.tests.trainer.TestOverview@6f01b95f]" name="feature" duration-ms="3" started-at="2018-01-29T17:13:52Z" description="Runs Cucumber Feature" data-provider="features" finished-at="2018-01-29T17:13:52Z">
          <params>
            <param index="0">
              <value>
                <![CDATA[Settings to test on the]]>
              </value>
            </param>
          </params>
          <reporter-output>
          </reporter-output>
        </test-method> <!-- feature -->
        <test-method status="PASS" signature="TestClickOverview()[pri:1, instance:com.revature.tests.trainer.TestOverview@6f01b95f]" name="TestClickOverview" duration-ms="1238" started-at="2018-01-29T17:13:52Z" finished-at="2018-01-29T17:13:54Z">
          <reporter-output>
          </reporter-output>
        </test-method> <!-- TestClickOverview -->
        <test-method status="PASS" signature="ClickInProgress()[pri:2, instance:com.revature.tests.trainer.TestOverview@6f01b95f]" name="ClickInProgress" duration-ms="2649" started-at="2018-01-29T17:13:54Z" finished-at="2018-01-29T17:13:56Z">
          <reporter-output>
          </reporter-output>
        </test-method> <!-- ClickInProgress -->
        <test-method status="PASS" signature="ClickBeginningInTwoWeeks()[pri:3, instance:com.revature.tests.trainer.TestOverview@6f01b95f]" name="ClickBeginningInTwoWeeks" duration-ms="1047" started-at="2018-01-29T17:13:56Z" finished-at="2018-01-29T17:13:57Z">
          <reporter-output>
          </reporter-output>
        </test-method> <!-- ClickBeginningInTwoWeeks -->
        <test-method status="PASS" signature="ClickAllFilter()[pri:4, instance:com.revature.tests.trainer.TestOverview@6f01b95f]" name="ClickAllFilter" duration-ms="1647" started-at="2018-01-29T17:13:57Z" finished-at="2018-01-29T17:13:59Z">
          <reporter-output>
          </reporter-output>
        </test-method> <!-- ClickAllFilter -->
        <test-method status="PASS" signature="TestFindExport()[pri:5, instance:com.revature.tests.trainer.TestOverview@6f01b95f]" name="TestFindExport" duration-ms="48" started-at="2018-01-29T17:13:59Z" finished-at="2018-01-29T17:13:59Z">
          <reporter-output>
          </reporter-output>
        </test-method> <!-- TestFindExport -->
        <test-method status="PASS" signature="TestFindFilter()[pri:6, instance:com.revature.tests.trainer.TestOverview@6f01b95f]" name="TestFindFilter" duration-ms="524" started-at="2018-01-29T17:13:59Z" finished-at="2018-01-29T17:13:59Z">
          <reporter-output>
          </reporter-output>
        </test-method> <!-- TestFindFilter -->
        <test-method status="PASS" signature="TestClickExportCSV()[pri:7, instance:com.revature.tests.trainer.TestOverview@6f01b95f]" name="TestClickExportCSV" duration-ms="651" started-at="2018-01-29T17:13:59Z" finished-at="2018-01-29T17:14:00Z">
          <reporter-output>
          </reporter-output>
        </test-method> <!-- TestClickExportCSV -->
        <test-method status="PASS" signature="CheckIfCSVDownload()[pri:8, instance:com.revature.tests.trainer.TestOverview@6f01b95f]" name="CheckIfCSVDownload" duration-ms="2" started-at="2018-01-29T17:14:00Z" finished-at="2018-01-29T17:14:00Z">
          <reporter-output>
          </reporter-output>
        </test-method> <!-- CheckIfCSVDownload -->
        <test-method status="FAIL" signature="CheckNameFilterASC()[pri:9, instance:com.revature.tests.trainer.TestOverview@6f01b95f]" name="CheckNameFilterASC" duration-ms="2799" started-at="2018-01-29T17:14:00Z" finished-at="2018-01-29T17:14:03Z">
          <exception class="java.lang.AssertionError">
            <message>
              <![CDATA[Name filter ASC button not working because of lowercases]]>
            </message>
            <full-stacktrace>
              <![CDATA[java.lang.AssertionError: Name filter ASC button not working because of lowercasesat org.testng.Assert.fail(Assert.java:96)at com.revature.tests.trainer.TestOverview.CheckNameFilterASC(TestOverview.java:91)at sun.reflect.NativeMethodAccessorImpl.invoke0(Native Method)at sun.reflect.NativeMethodAccessorImpl.invoke(Unknown Source)at sun.reflect.DelegatingMethodAccessorImpl.invoke(Unknown Source)at java.lang.reflect.Method.invoke(Unknown Source)at org.testng.internal.MethodInvocationHelper.invokeMethod(MethodInvocationHelper.java:124)at org.testng.internal.Invoker.invokeMethod(Invoker.java:571)at org.testng.internal.Invoker.invokeTestMethod(Invoker.java:707)at org.testng.internal.Invoker.invokeTestMethods(Invoker.java:979)at org.testng.internal.TestMethodWorker.invokeTestMethods(TestMethodWorker.java:125)at org.testng.internal.TestMethodWorker.run(TestMethodWorker.java:109)at org.testng.TestRunner.privateRun(TestRunner.java:648)at org.testng.TestRunner.run(TestRunner.java:505)at org.testng.SuiteRunner.runTest(SuiteRunner.java:455)at org.testng.SuiteRunner.runSequentially(SuiteRunner.java:450)at org.testng.SuiteRunner.privateRun(SuiteRunner.java:415)at org.testng.SuiteRunner.run(SuiteRunner.java:364)at org.testng.SuiteRunnerWorker.runSuite(SuiteRunnerWorker.java:52)at org.testng.SuiteRunnerWorker.run(SuiteRunnerWorker.java:84)at org.testng.TestNG.runSuitesSequentially(TestNG.java:1187)at org.testng.TestNG.runSuitesLocally(TestNG.java:1116)at org.testng.TestNG.runSuites(TestNG.java:1028)at org.testng.TestNG.run(TestNG.java:996)at org.testng.remote.AbstractRemoteTestNG.run(AbstractRemoteTestNG.java:114)at org.testng.remote.RemoteTestNG.initAndRun(RemoteTestNG.java:251)at org.testng.remote.RemoteTestNG.main(RemoteTestNG.java:77)]]>
            </full-stacktrace>
          </exception> <!-- java.lang.AssertionError -->
          <reporter-output>
          </reporter-output>
        </test-method> <!-- CheckNameFilterASC -->
        <test-method status="FAIL" signature="CheckNameFilterDSC()[pri:10, instance:com.revature.tests.trainer.TestOverview@6f01b95f]" name="CheckNameFilterDSC" duration-ms="2030" started-at="2018-01-29T17:14:03Z" finished-at="2018-01-29T17:14:05Z">
          <exception class="java.lang.AssertionError">
            <message>
              <![CDATA[Name filter DSC button not working because of lowercases]]>
            </message>
            <full-stacktrace>
              <![CDATA[java.lang.AssertionError: Name filter DSC button not working because of lowercasesat org.testng.Assert.fail(Assert.java:96)at com.revature.tests.trainer.TestOverview.CheckNameFilterDSC(TestOverview.java:102)at sun.reflect.NativeMethodAccessorImpl.invoke0(Native Method)at sun.reflect.NativeMethodAccessorImpl.invoke(Unknown Source)at sun.reflect.DelegatingMethodAccessorImpl.invoke(Unknown Source)at java.lang.reflect.Method.invoke(Unknown Source)at org.testng.internal.MethodInvocationHelper.invokeMethod(MethodInvocationHelper.java:124)at org.testng.internal.Invoker.invokeMethod(Invoker.java:571)at org.testng.internal.Invoker.invokeTestMethod(Invoker.java:707)at org.testng.internal.Invoker.invokeTestMethods(Invoker.java:979)at org.testng.internal.TestMethodWorker.invokeTestMethods(TestMethodWorker.java:125)at org.testng.internal.TestMethodWorker.run(TestMethodWorker.java:109)at org.testng.TestRunner.privateRun(TestRunner.java:648)at org.testng.TestRunner.run(TestRunner.java:505)at org.testng.SuiteRunner.runTest(SuiteRunner.java:455)at org.testng.SuiteRunner.runSequentially(SuiteRunner.java:450)at org.testng.SuiteRunner.privateRun(SuiteRunner.java:415)at org.testng.SuiteRunner.run(SuiteRunner.java:364)at org.testng.SuiteRunnerWorker.runSuite(SuiteRunnerWorker.java:52)at org.testng.SuiteRunnerWorker.run(SuiteRunnerWorker.java:84)at org.testng.TestNG.runSuitesSequentially(TestNG.java:1187)at org.testng.TestNG.runSuitesLocally(TestNG.java:1116)at org.testng.TestNG.runSuites(TestNG.java:1028)at org.testng.TestNG.run(TestNG.java:996)at org.testng.remote.AbstractRemoteTestNG.run(AbstractRemoteTestNG.java:114)at org.testng.remote.RemoteTestNG.initAndRun(RemoteTestNG.java:251)at org.testng.remote.RemoteTestNG.main(RemoteTestNG.java:77)]]>
            </full-stacktrace>
          </exception> <!-- java.lang.AssertionError -->
          <reporter-output>
          </reporter-output>
        </test-method> <!-- CheckNameFilterDSC -->
        <test-method status="PASS" signature="CheckCurrFilterASC()[pri:11, instance:com.revature.tests.trainer.TestOverview@6f01b95f]" name="CheckCurrFilterASC" duration-ms="2043" started-at="2018-01-29T17:14:05Z" finished-at="2018-01-29T17:14:07Z">
          <reporter-output>
          </reporter-output>
        </test-method> <!-- CheckCurrFilterASC -->
        <test-method status="PASS" signature="CheckCurrFilterDSC()[pri:12, instance:com.revature.tests.trainer.TestOverview@6f01b95f]" name="CheckCurrFilterDSC" duration-ms="1465" started-at="2018-01-29T17:14:07Z" finished-at="2018-01-29T17:14:08Z">
          <reporter-output>
          </reporter-output>
        </test-method> <!-- CheckCurrFilterDSC -->
        <test-method status="FAIL" signature="CheckTrainerFilterASC()[pri:13, instance:com.revature.tests.trainer.TestOverview@6f01b95f]" name="CheckTrainerFilterASC" duration-ms="2061" started-at="2018-01-29T17:14:08Z" finished-at="2018-01-29T17:14:11Z">
          <exception class="java.lang.AssertionError">
            <message>
              <![CDATA[Trainer ASC button not working]]>
            </message>
            <full-stacktrace>
              <![CDATA[java.lang.AssertionError: Trainer ASC button not workingat org.testng.Assert.fail(Assert.java:96)at com.revature.tests.trainer.TestOverview.CheckTrainerFilterASC(TestOverview.java:135)at sun.reflect.NativeMethodAccessorImpl.invoke0(Native Method)at sun.reflect.NativeMethodAccessorImpl.invoke(Unknown Source)at sun.reflect.DelegatingMethodAccessorImpl.invoke(Unknown Source)at java.lang.reflect.Method.invoke(Unknown Source)at org.testng.internal.MethodInvocationHelper.invokeMethod(MethodInvocationHelper.java:124)at org.testng.internal.Invoker.invokeMethod(Invoker.java:571)at org.testng.internal.Invoker.invokeTestMethod(Invoker.java:707)at org.testng.internal.Invoker.invokeTestMethods(Invoker.java:979)at org.testng.internal.TestMethodWorker.invokeTestMethods(TestMethodWorker.java:125)at org.testng.internal.TestMethodWorker.run(TestMethodWorker.java:109)at org.testng.TestRunner.privateRun(TestRunner.java:648)at org.testng.TestRunner.run(TestRunner.java:505)at org.testng.SuiteRunner.runTest(SuiteRunner.java:455)at org.testng.SuiteRunner.runSequentially(SuiteRunner.java:450)at org.testng.SuiteRunner.privateRun(SuiteRunner.java:415)at org.testng.SuiteRunner.run(SuiteRunner.java:364)at org.testng.SuiteRunnerWorker.runSuite(SuiteRunnerWorker.java:52)at org.testng.SuiteRunnerWorker.run(SuiteRunnerWorker.java:84)at org.testng.TestNG.runSuitesSequentially(TestNG.java:1187)at org.testng.TestNG.runSuitesLocally(TestNG.java:1116)at org.testng.TestNG.runSuites(TestNG.java:1028)at org.testng.TestNG.run(TestNG.java:996)at org.testng.remote.AbstractRemoteTestNG.run(AbstractRemoteTestNG.java:114)at org.testng.remote.RemoteTestNG.initAndRun(RemoteTestNG.java:251)at org.testng.remote.RemoteTestNG.main(RemoteTestNG.java:77)]]>
            </full-stacktrace>
          </exception> <!-- java.lang.AssertionError -->
          <reporter-output>
          </reporter-output>
        </test-method> <!-- CheckTrainerFilterASC -->
        <test-method status="FAIL" signature="CheckTrainerFilterDSC()[pri:14, instance:com.revature.tests.trainer.TestOverview@6f01b95f]" name="CheckTrainerFilterDSC" duration-ms="1444" started-at="2018-01-29T17:14:11Z" finished-at="2018-01-29T17:14:12Z">
          <exception class="java.lang.AssertionError">
            <message>
              <![CDATA[Trainer DSC button not working]]>
            </message>
            <full-stacktrace>
              <![CDATA[java.lang.AssertionError: Trainer DSC button not workingat org.testng.Assert.fail(Assert.java:96)at com.revature.tests.trainer.TestOverview.CheckTrainerFilterDSC(TestOverview.java:146)at sun.reflect.NativeMethodAccessorImpl.invoke0(Native Method)at sun.reflect.NativeMethodAccessorImpl.invoke(Unknown Source)at sun.reflect.DelegatingMethodAccessorImpl.invoke(Unknown Source)at java.lang.reflect.Method.invoke(Unknown Source)at org.testng.internal.MethodInvocationHelper.invokeMethod(MethodInvocationHelper.java:124)at org.testng.internal.Invoker.invokeMethod(Invoker.java:571)at org.testng.internal.Invoker.invokeTestMethod(Invoker.java:707)at org.testng.internal.Invoker.invokeTestMethods(Invoker.java:979)at org.testng.internal.TestMethodWorker.invokeTestMethods(TestMethodWorker.java:125)at org.testng.internal.TestMethodWorker.run(TestMethodWorker.java:109)at org.testng.TestRunner.privateRun(TestRunner.java:648)at org.testng.TestRunner.run(TestRunner.java:505)at org.testng.SuiteRunner.runTest(SuiteRunner.java:455)at org.testng.SuiteRunner.runSequentially(SuiteRunner.java:450)at org.testng.SuiteRunner.privateRun(SuiteRunner.java:415)at org.testng.SuiteRunner.run(SuiteRunner.java:364)at org.testng.SuiteRunnerWorker.runSuite(SuiteRunnerWorker.java:52)at org.testng.SuiteRunnerWorker.run(SuiteRunnerWorker.java:84)at org.testng.TestNG.runSuitesSequentially(TestNG.java:1187)at org.testng.TestNG.runSuitesLocally(TestNG.java:1116)at org.testng.TestNG.runSuites(TestNG.java:1028)at org.testng.TestNG.run(TestNG.java:996)at org.testng.remote.AbstractRemoteTestNG.run(AbstractRemoteTestNG.java:114)at org.testng.remote.RemoteTestNG.initAndRun(RemoteTestNG.java:251)at org.testng.remote.RemoteTestNG.main(RemoteTestNG.java:77)]]>
            </full-stacktrace>
          </exception> <!-- java.lang.AssertionError -->
          <reporter-output>
          </reporter-output>
        </test-method> <!-- CheckTrainerFilterDSC -->
        <test-method status="PASS" signature="CheckLocationFilterASC()[pri:15, instance:com.revature.tests.trainer.TestOverview@6f01b95f]" name="CheckLocationFilterASC" duration-ms="2035" started-at="2018-01-29T17:14:12Z" finished-at="2018-01-29T17:14:14Z">
          <reporter-output>
          </reporter-output>
        </test-method> <!-- CheckLocationFilterASC -->
        <test-method status="PASS" signature="CheckLocationFilterDSC()[pri:16, instance:com.revature.tests.trainer.TestOverview@6f01b95f]" name="CheckLocationFilterDSC" duration-ms="2532" started-at="2018-01-29T17:14:14Z" finished-at="2018-01-29T17:14:17Z">
          <reporter-output>
          </reporter-output>
        </test-method> <!-- CheckLocationFilterDSC -->
        <test-method status="PASS" signature="CheckBuildingFilterASC()[pri:17, instance:com.revature.tests.trainer.TestOverview@6f01b95f]" name="CheckBuildingFilterASC" duration-ms="2012" started-at="2018-01-29T17:14:17Z" finished-at="2018-01-29T17:14:19Z">
          <reporter-output>
          </reporter-output>
        </test-method> <!-- CheckBuildingFilterASC -->
        <test-method status="PASS" signature="CheckBuildingFilterDSC()[pri:18, instance:com.revature.tests.trainer.TestOverview@6f01b95f]" name="CheckBuildingFilterDSC" duration-ms="1450" started-at="2018-01-29T17:14:19Z" finished-at="2018-01-29T17:14:20Z">
          <reporter-output>
          </reporter-output>
        </test-method> <!-- CheckBuildingFilterDSC -->
        <test-method status="PASS" signature="CheckRoomFilterASC()[pri:19, instance:com.revature.tests.trainer.TestOverview@6f01b95f]" name="CheckRoomFilterASC" duration-ms="1987" started-at="2018-01-29T17:14:20Z" finished-at="2018-01-29T17:14:22Z">
          <reporter-output>
          </reporter-output>
        </test-method> <!-- CheckRoomFilterASC -->
        <test-method status="PASS" signature="CheckRoomFilterDSC()[pri:20, instance:com.revature.tests.trainer.TestOverview@6f01b95f]" name="CheckRoomFilterDSC" duration-ms="1422" started-at="2018-01-29T17:14:22Z" finished-at="2018-01-29T17:14:23Z">
          <reporter-output>
          </reporter-output>
        </test-method> <!-- CheckRoomFilterDSC -->
        <test-method status="PASS" signature="CheckStartFilterASC()[pri:21, instance:com.revature.tests.trainer.TestOverview@6f01b95f]" name="CheckStartFilterASC" duration-ms="2041" started-at="2018-01-29T17:14:23Z" finished-at="2018-01-29T17:14:25Z">
          <reporter-output>
          </reporter-output>
        </test-method> <!-- CheckStartFilterASC -->
        <test-method status="PASS" signature="CheckStartFilterDSC()[pri:22, instance:com.revature.tests.trainer.TestOverview@6f01b95f]" name="CheckStartFilterDSC" duration-ms="1440" started-at="2018-01-29T17:14:25Z" finished-at="2018-01-29T17:14:27Z">
          <reporter-output>
          </reporter-output>
        </test-method> <!-- CheckStartFilterDSC -->
        <test-method status="PASS" signature="CheckEndFilterASC()[pri:23, instance:com.revature.tests.trainer.TestOverview@6f01b95f]" name="CheckEndFilterASC" duration-ms="2012" started-at="2018-01-29T17:14:27Z" finished-at="2018-01-29T17:14:29Z">
          <reporter-output>
          </reporter-output>
        </test-method> <!-- CheckEndFilterASC -->
        <test-method status="PASS" signature="CheckEndFilterDSC()[pri:24, instance:com.revature.tests.trainer.TestOverview@6f01b95f]" name="CheckEndFilterDSC" duration-ms="1401" started-at="2018-01-29T17:14:29Z" finished-at="2018-01-29T17:14:30Z">
          <reporter-output>
          </reporter-output>
        </test-method> <!-- CheckEndFilterDSC -->
        <test-method status="PASS" signature="tearDownClass()[pri:0, instance:com.revature.tests.trainer.TestOverview@6f01b95f]" name="tearDownClass" is-config="true" duration-ms="2" started-at="2018-01-29T17:14:30Z" finished-at="2018-01-29T17:14:30Z">
          <reporter-output>
          </reporter-output>
        </test-method> <!-- tearDownClass -->
        <test-method status="PASS" signature="afterTest()[pri:0, instance:com.revature.tests.trainer.TestOverview@6f01b95f]" name="afterTest" is-config="true" duration-ms="0" started-at="2018-01-29T17:14:30Z" finished-at="2018-01-29T17:14:30Z">
          <reporter-output>
          </reporter-output>
        </test-method> <!-- afterTest -->
        <test-method status="PASS" signature="afterSuite()[pri:0, instance:com.revature.tests.trainer.TestOverview@6f01b95f]" name="afterSuite" is-config="true" duration-ms="2096" started-at="2018-01-29T17:14:30Z" finished-at="2018-01-29T17:14:32Z">
          <reporter-output>
          </reporter-output>
        </test-method> <!-- afterSuite -->
      </class> <!-- com.revature.tests.trainer.TestOverview -->
    </test> <!-- Default test -->
  </suite> <!-- Default suite -->
</testng-results>
