<?xml version="1.0" encoding="UTF-8"?>
<testng-results ignored="0" total="15" passed="15" failed="0" skipped="0">
  <reporter-output>
  </reporter-output>
  <suite started-at="2018-01-29T23:47:53Z" name="Default suite" finished-at="2018-01-29T23:48:40Z" duration-ms="46094">
    <groups>
      <group name="cucumber">
        <method signature="AbstractTestNGCucumberTests.feature(cucumber.api.testng.CucumberFeatureWrapper)[pri:0, instance:com.revature.tests.vp.TestingSettingsVP@5ae76500]" name="feature" class="cucumber.api.testng.AbstractTestNGCucumberTests"/>
      </group> <!-- cucumber -->
    </groups>
    <test started-at="2018-01-29T23:47:53Z" name="Default test" finished-at="2018-01-29T23:48:40Z" duration-ms="46094">
      <class name="com.revature.tests.vp.TestingSettingsVP">
        <test-method is-config="true" signature="beforeSuite()[pri:0, instance:com.revature.tests.vp.TestingSettingsVP@5ae76500]" started-at="2018-01-29T18:47:47Z" name="beforeSuite" finished-at="2018-01-29T18:47:53Z" duration-ms="6350" status="PASS">
          <reporter-output>
          </reporter-output>
        </test-method> <!-- beforeSuite -->
        <test-method is-config="true" signature="beforeTest()[pri:0, instance:com.revature.tests.vp.TestingSettingsVP@5ae76500]" started-at="2018-01-29T18:47:53Z" name="beforeTest" finished-at="2018-01-29T18:47:59Z" duration-ms="5173" status="PASS">
          <reporter-output>
          </reporter-output>
        </test-method> <!-- beforeTest -->
        <test-method is-config="true" signature="setUpClass()[pri:0, instance:com.revature.tests.vp.TestingSettingsVP@5ae76500]" started-at="2018-01-29T18:47:59Z" name="setUpClass" finished-at="2018-01-29T18:47:59Z" duration-ms="441" status="PASS">
          <reporter-output>
          </reporter-output>
        </test-method> <!-- setUpClass -->
        <test-method signature="feature(cucumber.api.testng.CucumberFeatureWrapper)[pri:0, instance:com.revature.tests.vp.TestingSettingsVP@5ae76500]" started-at="2018-01-29T18:47:59Z" name="feature" description="Runs Cucumber Feature" data-provider="features" finished-at="2018-01-29T18:47:59Z" duration-ms="14" status="PASS">
          <params>
            <param index="0">
              <value>
                <![CDATA[I want to display information under two tabs]]>
              </value>
            </param>
          </params>
          <reporter-output>
          </reporter-output>
        </test-method> <!-- feature -->
        <test-method signature="feature(cucumber.api.testng.CucumberFeatureWrapper)[pri:0, instance:com.revature.tests.vp.TestingSettingsVP@5ae76500]" started-at="2018-01-29T18:47:59Z" name="feature" description="Runs Cucumber Feature" data-provider="features" finished-at="2018-01-29T18:47:59Z" duration-ms="3" status="PASS">
          <params>
            <param index="0">
              <value>
                <![CDATA[Locations Tab for trainers]]>
              </value>
            </param>
          </params>
          <reporter-output>
          </reporter-output>
        </test-method> <!-- feature -->
        <test-method signature="feature(cucumber.api.testng.CucumberFeatureWrapper)[pri:0, instance:com.revature.tests.vp.TestingSettingsVP@5ae76500]" started-at="2018-01-29T18:47:59Z" name="feature" description="Runs Cucumber Feature" data-provider="features" finished-at="2018-01-29T18:47:59Z" duration-ms="4" status="PASS">
          <params>
            <param index="0">
              <value>
                <![CDATA[Overview Tab for trainers]]>
              </value>
            </param>
          </params>
          <reporter-output>
          </reporter-output>
        </test-method> <!-- feature -->
        <test-method signature="feature(cucumber.api.testng.CucumberFeatureWrapper)[pri:0, instance:com.revature.tests.vp.TestingSettingsVP@5ae76500]" started-at="2018-01-29T18:47:59Z" name="feature" description="Runs Cucumber Feature" data-provider="features" finished-at="2018-01-29T18:47:59Z" duration-ms="1" status="PASS">
          <params>
            <param index="0">
              <value>
                <![CDATA[Settings to test on the]]>
              </value>
            </param>
          </params>
          <reporter-output>
          </reporter-output>
        </test-method> <!-- feature -->
        <test-method signature="changeAllValues()[pri:1, instance:com.revature.tests.vp.TestingSettingsVP@5ae76500]" started-at="2018-01-29T18:47:59Z" name="changeAllValues" finished-at="2018-01-29T18:48:25Z" duration-ms="25722" status="PASS">
          <reporter-output>
          </reporter-output>
        </test-method> <!-- changeAllValues -->
        <test-method signature="checkingSaveValues()[pri:2, instance:com.revature.tests.vp.TestingSettingsVP@5ae76500]" started-at="2018-01-29T18:48:25Z" name="checkingSaveValues" finished-at="2018-01-29T18:48:30Z" duration-ms="5110" status="PASS">
          <reporter-output>
          </reporter-output>
        </test-method> <!-- checkingSaveValues -->
        <test-method signature="checkingTimeline()[pri:3, instance:com.revature.tests.vp.TestingSettingsVP@5ae76500]" started-at="2018-01-29T18:48:30Z" name="checkingTimeline" finished-at="2018-01-29T18:48:31Z" duration-ms="1039" status="PASS">
          <reporter-output>
          </reporter-output>
        </test-method> <!-- checkingTimeline -->
        <test-method signature="checkingReportsOutgoing()[pri:4, instance:com.revature.tests.vp.TestingSettingsVP@5ae76500]" started-at="2018-01-29T18:48:31Z" name="checkingReportsOutgoing" finished-at="2018-01-29T18:48:32Z" duration-ms="1070" status="PASS">
          <reporter-output>
          </reporter-output>
        </test-method> <!-- checkingReportsOutgoing -->
        <test-method signature="checkingReportsCandidates()[pri:5, instance:com.revature.tests.vp.TestingSettingsVP@5ae76500]" started-at="2018-01-29T18:48:32Z" name="checkingReportsCandidates" finished-at="2018-01-29T18:48:33Z" duration-ms="1046" status="PASS">
          <reporter-output>
          </reporter-output>
        </test-method> <!-- checkingReportsCandidates -->
        <test-method signature="checkingDefaultBatchL()[pri:6, instance:com.revature.tests.vp.TestingSettingsVP@5ae76500]" started-at="2018-01-29T18:48:33Z" name="checkingDefaultBatchL" finished-at="2018-01-29T18:48:34Z" duration-ms="1073" status="PASS">
          <reporter-output>
          </reporter-output>
        </test-method> <!-- checkingDefaultBatchL -->
        <test-method signature="checkingDefaultBuilding()[pri:7, instance:com.revature.tests.vp.TestingSettingsVP@5ae76500]" started-at="2018-01-29T18:48:34Z" name="checkingDefaultBuilding" finished-at="2018-01-29T18:48:35Z" duration-ms="1039" status="PASS">
          <reporter-output>
          </reporter-output>
        </test-method> <!-- checkingDefaultBuilding -->
        <test-method signature="checkingMinimumBatch()[pri:8, instance:com.revature.tests.vp.TestingSettingsVP@5ae76500]" started-at="2018-01-29T18:48:35Z" name="checkingMinimumBatch" finished-at="2018-01-29T18:48:36Z" duration-ms="1020" status="PASS">
          <reporter-output>
          </reporter-output>
        </test-method> <!-- checkingMinimumBatch -->
        <test-method signature="checkingMaximum()[pri:9, instance:com.revature.tests.vp.TestingSettingsVP@5ae76500]" started-at="2018-01-29T18:48:36Z" name="checkingMaximum" finished-at="2018-01-29T18:48:37Z" duration-ms="1027" status="PASS">
          <reporter-output>
          </reporter-output>
        </test-method> <!-- checkingMaximum -->
        <test-method signature="checkingDefaultBatch()[pri:10, instance:com.revature.tests.vp.TestingSettingsVP@5ae76500]" started-at="2018-01-29T18:48:37Z" name="checkingDefaultBatch" finished-at="2018-01-29T18:48:38Z" duration-ms="1045" status="PASS">
          <reporter-output>
          </reporter-output>
        </test-method> <!-- checkingDefaultBatch -->
        <test-method signature="checkingDefaulTDay()[pri:11, instance:com.revature.tests.vp.TestingSettingsVP@5ae76500]" started-at="2018-01-29T18:48:38Z" name="checkingDefaulTDay" finished-at="2018-01-29T18:48:40Z" duration-ms="1026" status="PASS">
          <reporter-output>
          </reporter-output>
        </test-method> <!-- checkingDefaulTDay -->
        <test-method is-config="true" signature="tearDownClass()[pri:0, instance:com.revature.tests.vp.TestingSettingsVP@5ae76500]" started-at="2018-01-29T18:48:40Z" name="tearDownClass" finished-at="2018-01-29T18:48:40Z" duration-ms="9" status="PASS">
          <reporter-output>
          </reporter-output>
        </test-method> <!-- tearDownClass -->
        <test-method is-config="true" signature="afterTest()[pri:0, instance:com.revature.tests.vp.TestingSettingsVP@5ae76500]" started-at="2018-01-29T18:48:40Z" name="afterTest" finished-at="2018-01-29T18:48:40Z" duration-ms="0" status="PASS">
          <reporter-output>
          </reporter-output>
        </test-method> <!-- afterTest -->
        <test-method is-config="true" signature="afterSuite()[pri:0, instance:com.revature.tests.vp.TestingSettingsVP@5ae76500]" started-at="2018-01-29T18:48:40Z" name="afterSuite" finished-at="2018-01-29T18:48:43Z" duration-ms="3239" status="PASS">
          <reporter-output>
          </reporter-output>
        </test-method> <!-- afterSuite -->
      </class> <!-- com.revature.tests.vp.TestingSettingsVP -->
    </test> <!-- Default test -->
  </suite> <!-- Default suite -->
</testng-results>
