<?xml version="1.0" encoding="UTF-8"?>
<testng-results skipped="0" failed="0" ignored="0" total="7" passed="7">
  <reporter-output>
  </reporter-output>
  <suite name="Default suite" duration-ms="30854" started-at="2018-01-29T21:28:04Z" finished-at="2018-01-29T21:28:35Z">
    <groups>
      <group name="cucumber">
        <method signature="AbstractTestNGCucumberTests.feature(cucumber.api.testng.CucumberFeatureWrapper)[pri:0, instance:com.revature.tests.trainer.TestLocations@4007f65e]" name="feature" class="cucumber.api.testng.AbstractTestNGCucumberTests"/>
      </group> <!-- cucumber -->
    </groups>
    <test name="Default test" duration-ms="30854" started-at="2018-01-29T21:28:04Z" finished-at="2018-01-29T21:28:35Z">
      <class name="com.revature.tests.trainer.TestLocations">
        <test-method status="PASS" signature="beforeSuite()[pri:0, instance:com.revature.tests.trainer.TestLocations@4007f65e]" name="beforeSuite" is-config="true" duration-ms="18235" started-at="2018-01-29T16:27:46Z" finished-at="2018-01-29T16:28:04Z">
          <reporter-output>
          </reporter-output>
        </test-method> <!-- beforeSuite -->
        <test-method status="PASS" signature="beforeTest()[pri:0, instance:com.revature.tests.trainer.TestLocations@4007f65e]" name="beforeTest" is-config="true" duration-ms="9379" started-at="2018-01-29T16:28:04Z" finished-at="2018-01-29T16:28:13Z">
          <reporter-output>
          </reporter-output>
        </test-method> <!-- beforeTest -->
        <test-method status="PASS" signature="setUpClass()[pri:0, instance:com.revature.tests.trainer.TestLocations@4007f65e]" name="setUpClass" is-config="true" duration-ms="791" started-at="2018-01-29T16:28:13Z" finished-at="2018-01-29T16:28:14Z">
          <reporter-output>
          </reporter-output>
        </test-method> <!-- setUpClass -->
        <test-method status="PASS" signature="feature(cucumber.api.testng.CucumberFeatureWrapper)[pri:0, instance:com.revature.tests.trainer.TestLocations@4007f65e]" name="feature" duration-ms="17" started-at="2018-01-29T16:28:15Z" description="Runs Cucumber Feature" data-provider="features" finished-at="2018-01-29T16:28:15Z">
          <params>
            <param index="0">
              <value>
                <![CDATA[I want to display information under two tabs]]>
              </value>
            </param>
          </params>
          <reporter-output>
          </reporter-output>
        </test-method> <!-- feature -->
        <test-method status="PASS" signature="feature(cucumber.api.testng.CucumberFeatureWrapper)[pri:0, instance:com.revature.tests.trainer.TestLocations@4007f65e]" name="feature" duration-ms="2" started-at="2018-01-29T16:28:15Z" description="Runs Cucumber Feature" data-provider="features" finished-at="2018-01-29T16:28:15Z">
          <params>
            <param index="0">
              <value>
                <![CDATA[Locations Tab for trainers]]>
              </value>
            </param>
          </params>
          <reporter-output>
          </reporter-output>
        </test-method> <!-- feature -->
        <test-method status="PASS" signature="feature(cucumber.api.testng.CucumberFeatureWrapper)[pri:0, instance:com.revature.tests.trainer.TestLocations@4007f65e]" name="feature" duration-ms="4" started-at="2018-01-29T16:28:15Z" description="Runs Cucumber Feature" data-provider="features" finished-at="2018-01-29T16:28:15Z">
          <params>
            <param index="0">
              <value>
                <![CDATA[Overview Tab for trainers]]>
              </value>
            </param>
          </params>
          <reporter-output>
          </reporter-output>
        </test-method> <!-- feature -->
        <test-method status="PASS" signature="feature(cucumber.api.testng.CucumberFeatureWrapper)[pri:0, instance:com.revature.tests.trainer.TestLocations@4007f65e]" name="feature" duration-ms="2" started-at="2018-01-29T16:28:15Z" description="Runs Cucumber Feature" data-provider="features" finished-at="2018-01-29T16:28:15Z">
          <params>
            <param index="0">
              <value>
                <![CDATA[Settings to test on the]]>
              </value>
            </param>
          </params>
          <reporter-output>
          </reporter-output>
        </test-method> <!-- feature -->
        <test-method status="PASS" signature="TestLocationsTab()[pri:1, instance:com.revature.tests.trainer.TestLocations@4007f65e]" name="TestLocationsTab" duration-ms="2083" started-at="2018-01-29T16:28:15Z" finished-at="2018-01-29T16:28:17Z">
          <reporter-output>
          </reporter-output>
        </test-method> <!-- TestLocationsTab -->
        <test-method status="PASS" signature="TestCloseDropDowns()[pri:2, instance:com.revature.tests.trainer.TestLocations@4007f65e]" name="TestCloseDropDowns" duration-ms="8953" started-at="2018-01-29T16:28:17Z" finished-at="2018-01-29T16:28:26Z">
          <reporter-output>
          </reporter-output>
        </test-method> <!-- TestCloseDropDowns -->
        <test-method status="PASS" signature="TestExpandDropDowns()[pri:3, instance:com.revature.tests.trainer.TestLocations@4007f65e]" name="TestExpandDropDowns" duration-ms="8805" started-at="2018-01-29T16:28:26Z" finished-at="2018-01-29T16:28:35Z">
          <reporter-output>
          </reporter-output>
        </test-method> <!-- TestExpandDropDowns -->
        <test-method status="PASS" signature="tearDownClass()[pri:0, instance:com.revature.tests.trainer.TestLocations@4007f65e]" name="tearDownClass" is-config="true" duration-ms="60" started-at="2018-01-29T16:28:35Z" finished-at="2018-01-29T16:28:35Z">
          <reporter-output>
          </reporter-output>
        </test-method> <!-- tearDownClass -->
        <test-method status="PASS" signature="afterTest()[pri:0, instance:com.revature.tests.trainer.TestLocations@4007f65e]" name="afterTest" is-config="true" duration-ms="1" started-at="2018-01-29T16:28:35Z" finished-at="2018-01-29T16:28:35Z">
          <reporter-output>
          </reporter-output>
        </test-method> <!-- afterTest -->
        <test-method status="PASS" signature="afterSuite()[pri:0, instance:com.revature.tests.trainer.TestLocations@4007f65e]" name="afterSuite" is-config="true" duration-ms="3690" started-at="2018-01-29T16:28:35Z" finished-at="2018-01-29T16:28:38Z">
          <reporter-output>
          </reporter-output>
        </test-method> <!-- afterSuite -->
      </class> <!-- com.revature.tests.trainer.TestLocations -->
    </test> <!-- Default test -->
  </suite> <!-- Default suite -->
</testng-results>
