<?xml version="1.0" encoding="UTF-8"?>
<testng-results ignored="0" total="3" passed="3" failed="0" skipped="0">
  <reporter-output>
  </reporter-output>
  <suite started-at="2018-01-27T21:00:59Z" name="Default suite" finished-at="2018-01-27T21:01:11Z" duration-ms="11907">
    <groups>
      <group name="cucumber">
        <method signature="AbstractTestNGCucumberTests.feature(cucumber.api.testng.CucumberFeatureWrapper)[pri:0, instance:com.revature.TestSettings@1eba372c]" name="feature" class="cucumber.api.testng.AbstractTestNGCucumberTests"/>
      </group> <!-- cucumber -->
    </groups>
    <test started-at="2018-01-27T21:00:59Z" name="Default test" finished-at="2018-01-27T21:01:11Z" duration-ms="11907">
      <class name="com.revature.TestSettings">
        <test-method is-config="true" signature="beforeSuite()[pri:0, instance:com.revature.TestSettings@1eba372c]" started-at="2018-01-27T16:00:54Z" name="beforeSuite" finished-at="2018-01-27T16:00:59Z" duration-ms="4776" status="PASS">
          <reporter-output>
          </reporter-output>
        </test-method> <!-- beforeSuite -->
        <test-method is-config="true" signature="beforeTest()[pri:0, instance:com.revature.TestSettings@1eba372c]" started-at="2018-01-27T16:00:59Z" name="beforeTest" finished-at="2018-01-27T16:00:59Z" duration-ms="0" status="PASS">
          <reporter-output>
          </reporter-output>
        </test-method> <!-- beforeTest -->
        <test-method is-config="true" signature="setUpClass()[pri:0, instance:com.revature.TestSettings@1eba372c]" started-at="2018-01-27T16:00:59Z" name="setUpClass" finished-at="2018-01-27T16:01:00Z" duration-ms="875" status="PASS">
          <reporter-output>
          </reporter-output>
        </test-method> <!-- setUpClass -->
        <test-method signature="feature(cucumber.api.testng.CucumberFeatureWrapper)[pri:0, instance:com.revature.TestSettings@1eba372c]" started-at="2018-01-27T16:01:00Z" name="feature" description="Runs Cucumber Feature" data-provider="features" finished-at="2018-01-27T16:01:00Z" duration-ms="13" status="PASS">
          <params>
            <param index="0">
              <value>
                <![CDATA[Overview Tab for trainers]]>
              </value>
            </param>
          </params>
          <reporter-output>
          </reporter-output>
        </test-method> <!-- feature -->
        <test-method signature="feature(cucumber.api.testng.CucumberFeatureWrapper)[pri:0, instance:com.revature.TestSettings@1eba372c]" started-at="2018-01-27T16:01:00Z" name="feature" description="Runs Cucumber Feature" data-provider="features" finished-at="2018-01-27T16:01:00Z" duration-ms="5" status="PASS">
          <params>
            <param index="0">
              <value>
                <![CDATA[Settings to test on the]]>
              </value>
            </param>
          </params>
          <reporter-output>
          </reporter-output>
        </test-method> <!-- feature -->
        <test-method signature="TestOne()[pri:0, instance:com.revature.TestSettings@1eba372c]" started-at="2018-01-27T16:01:00Z" name="TestOne" finished-at="2018-01-27T16:01:11Z" duration-ms="10829" status="PASS">
          <reporter-output>
          </reporter-output>
        </test-method> <!-- TestOne -->
        <test-method is-config="true" signature="tearDownClass()[pri:0, instance:com.revature.TestSettings@1eba372c]" started-at="2018-01-27T16:01:11Z" name="tearDownClass" finished-at="2018-01-27T16:01:11Z" duration-ms="5" status="PASS">
          <reporter-output>
          </reporter-output>
        </test-method> <!-- tearDownClass -->
        <test-method is-config="true" signature="afterTest()[pri:0, instance:com.revature.TestSettings@1eba372c]" started-at="2018-01-27T16:01:11Z" name="afterTest" finished-at="2018-01-27T16:01:11Z" duration-ms="0" status="PASS">
          <reporter-output>
          </reporter-output>
        </test-method> <!-- afterTest -->
        <test-method is-config="true" signature="afterSuite()[pri:0, instance:com.revature.TestSettings@1eba372c]" started-at="2018-01-27T16:01:11Z" name="afterSuite" finished-at="2018-01-27T16:01:12Z" duration-ms="1270" status="PASS">
          <reporter-output>
          </reporter-output>
        </test-method> <!-- afterSuite -->
      </class> <!-- com.revature.TestSettings -->
    </test> <!-- Default test -->
  </suite> <!-- Default suite -->
</testng-results>
