<?xml version="1.0" encoding="UTF-8"?>
<testng-results ignored="0" total="4" passed="4" failed="0" skipped="0">
  <reporter-output>
  </reporter-output>
  <suite started-at="2018-01-28T00:49:23Z" name="Default suite" finished-at="2018-01-28T00:49:33Z" duration-ms="9990">
    <groups>
      <group name="cucumber">
        <method signature="AbstractTestNGCucumberTests.feature(cucumber.api.testng.CucumberFeatureWrapper)[pri:0, instance:com.revature.tests.trainer.TestCurricula@22c86919]" name="feature" class="cucumber.api.testng.AbstractTestNGCucumberTests"/>
      </group> <!-- cucumber -->
    </groups>
    <test started-at="2018-01-28T00:49:23Z" name="Default test" finished-at="2018-01-28T00:49:33Z" duration-ms="9990">
      <class name="com.revature.tests.trainer.TestCurricula">
        <test-method is-config="true" signature="beforeSuite()[pri:0, instance:com.revature.tests.trainer.TestCurricula@22c86919]" started-at="2018-01-27T19:49:18Z" name="beforeSuite" finished-at="2018-01-27T19:49:23Z" duration-ms="5352" status="PASS">
          <reporter-output>
          </reporter-output>
        </test-method> <!-- beforeSuite -->
        <test-method is-config="true" signature="beforeTest()[pri:0, instance:com.revature.tests.trainer.TestCurricula@22c86919]" started-at="2018-01-27T19:49:23Z" name="beforeTest" finished-at="2018-01-27T19:49:23Z" duration-ms="1" status="PASS">
          <reporter-output>
          </reporter-output>
        </test-method> <!-- beforeTest -->
        <test-method is-config="true" signature="setUpClass()[pri:0, instance:com.revature.tests.trainer.TestCurricula@22c86919]" started-at="2018-01-27T19:49:24Z" name="setUpClass" finished-at="2018-01-27T19:49:24Z" duration-ms="819" status="PASS">
          <reporter-output>
          </reporter-output>
        </test-method> <!-- setUpClass -->
        <test-method signature="feature(cucumber.api.testng.CucumberFeatureWrapper)[pri:0, instance:com.revature.tests.trainer.TestCurricula@22c86919]" started-at="2018-01-27T19:49:24Z" name="feature" description="Runs Cucumber Feature" data-provider="features" finished-at="2018-01-27T19:49:24Z" duration-ms="12" status="PASS">
          <params>
            <param index="0">
              <value>
                <![CDATA[I want to display information under two tabs]]>
              </value>
            </param>
          </params>
          <reporter-output>
          </reporter-output>
        </test-method> <!-- feature -->
        <test-method signature="feature(cucumber.api.testng.CucumberFeatureWrapper)[pri:0, instance:com.revature.tests.trainer.TestCurricula@22c86919]" started-at="2018-01-27T19:49:24Z" name="feature" description="Runs Cucumber Feature" data-provider="features" finished-at="2018-01-27T19:49:24Z" duration-ms="3" status="PASS">
          <params>
            <param index="0">
              <value>
                <![CDATA[Locations Tab for trainers]]>
              </value>
            </param>
          </params>
          <reporter-output>
          </reporter-output>
        </test-method> <!-- feature -->
        <test-method signature="feature(cucumber.api.testng.CucumberFeatureWrapper)[pri:0, instance:com.revature.tests.trainer.TestCurricula@22c86919]" started-at="2018-01-27T19:49:24Z" name="feature" description="Runs Cucumber Feature" data-provider="features" finished-at="2018-01-27T19:49:24Z" duration-ms="5" status="PASS">
          <params>
            <param index="0">
              <value>
                <![CDATA[Overview Tab for trainers]]>
              </value>
            </param>
          </params>
          <reporter-output>
          </reporter-output>
        </test-method> <!-- feature -->
        <test-method signature="TestOne()[pri:0, instance:com.revature.tests.trainer.TestCurricula@22c86919]" started-at="2018-01-27T19:49:24Z" name="TestOne" finished-at="2018-01-27T19:49:33Z" duration-ms="8974" status="PASS">
          <reporter-output>
          </reporter-output>
        </test-method> <!-- TestOne -->
        <test-method is-config="true" signature="tearDownClass()[pri:0, instance:com.revature.tests.trainer.TestCurricula@22c86919]" started-at="2018-01-27T19:49:33Z" name="tearDownClass" finished-at="2018-01-27T19:49:33Z" duration-ms="7" status="PASS">
          <reporter-output>
          </reporter-output>
        </test-method> <!-- tearDownClass -->
        <test-method is-config="true" signature="afterTest()[pri:0, instance:com.revature.tests.trainer.TestCurricula@22c86919]" started-at="2018-01-27T19:49:33Z" name="afterTest" finished-at="2018-01-27T19:49:33Z" duration-ms="1" status="PASS">
          <reporter-output>
          </reporter-output>
        </test-method> <!-- afterTest -->
        <test-method is-config="true" signature="afterSuite()[pri:0, instance:com.revature.tests.trainer.TestCurricula@22c86919]" started-at="2018-01-27T19:49:34Z" name="afterSuite" finished-at="2018-01-27T19:49:35Z" duration-ms="1340" status="PASS">
          <reporter-output>
          </reporter-output>
        </test-method> <!-- afterSuite -->
      </class> <!-- com.revature.tests.trainer.TestCurricula -->
    </test> <!-- Default test -->
  </suite> <!-- Default suite -->
</testng-results>
