<?xml version="1.0" encoding="UTF-8"?>
<testng-results ignored="0" total="3" passed="0" failed="3" skipped="0">
  <reporter-output>
  </reporter-output>
  <suite started-at="2018-01-27T19:13:50Z" name="Default suite" finished-at="2018-01-27T19:13:53Z" duration-ms="3094">
    <groups>
      <group name="cucumber">
        <method signature="AbstractTestNGCucumberTests.feature(cucumber.api.testng.CucumberFeatureWrapper)[pri:0, instance:com.revature.TrainerSuite@4a9cc6cb]" name="feature" class="cucumber.api.testng.AbstractTestNGCucumberTests"/>
      </group> <!-- cucumber -->
    </groups>
    <test started-at="2018-01-27T19:13:50Z" name="Default test" finished-at="2018-01-27T19:13:53Z" duration-ms="3094">
      <class name="com.revature.TrainerSuite">
        <test-method is-config="true" signature="beforeSuite()[pri:0, instance:com.revature.TrainerSuite@4a9cc6cb]" started-at="2018-01-27T14:13:43Z" name="beforeSuite" finished-at="2018-01-27T14:13:50Z" duration-ms="6643" status="PASS">
          <reporter-output>
          </reporter-output>
        </test-method> <!-- beforeSuite -->
        <test-method is-config="true" signature="setUpClass()[pri:0, instance:com.revature.TrainerSuite@4a9cc6cb]" started-at="2018-01-27T14:13:50Z" name="setUpClass" finished-at="2018-01-27T14:13:52Z" duration-ms="1855" status="PASS">
          <reporter-output>
          </reporter-output>
        </test-method> <!-- setUpClass -->
        <test-method signature="feature(cucumber.api.testng.CucumberFeatureWrapper)[pri:0, instance:com.revature.TrainerSuite@4a9cc6cb]" started-at="2018-01-27T14:13:52Z" name="feature" description="Runs Cucumber Feature" data-provider="features" finished-at="2018-01-27T14:13:53Z" duration-ms="611" status="FAIL">
          <params>
            <param index="0">
              <value>
                <![CDATA[Overview Tab for trainers]]>
              </value>
            </param>
          </params>
          <exception class="cucumber.runtime.CucumberException">
            <message>
              <![CDATA[cucumber.runtime.CucumberException: Arity mismatch: Step Definition 'com.revature.cuketests.TrainerCukes.loggedAsTrainer(WebDriver) in file:/C:/project_2_repo/TA_Framework/TA_Framework_Maven/target/classes/' with pattern [^I am logged in as a trainer <webdriver>$] is declared with 1 parameters. However, the gherkin step has 0 arguments []. Step: Given I am logged in as a trainer <webdriver>]]>
            </message>
            <full-stacktrace>
              <![CDATA[cucumber.runtime.CucumberException: cucumber.runtime.CucumberException: Arity mismatch: Step Definition 'com.revature.cuketests.TrainerCukes.loggedAsTrainer(WebDriver) in file:/C:/project_2_repo/TA_Framework/TA_Framework_Maven/target/classes/' with pattern [^I am logged in as a trainer <webdriver>$] is declared with 1 parameters. However, the gherkin step has 0 arguments []. Step: Given I am logged in as a trainer <webdriver>at cucumber.api.testng.TestNGCucumberRunner.runCucumber(TestNGCucumberRunner.java:69)at cucumber.api.testng.AbstractTestNGCucumberTests.feature(AbstractTestNGCucumberTests.java:21)at java.base/jdk.internal.reflect.NativeMethodAccessorImpl.invoke0(Native Method)at java.base/jdk.internal.reflect.NativeMethodAccessorImpl.invoke(Unknown Source)at java.base/jdk.internal.reflect.DelegatingMethodAccessorImpl.invoke(Unknown Source)at java.base/java.lang.reflect.Method.invoke(Unknown Source)at org.testng.internal.MethodInvocationHelper.invokeMethod(MethodInvocationHelper.java:124)at org.testng.internal.Invoker.invokeMethod(Invoker.java:571)at org.testng.internal.Invoker.invokeTestMethod(Invoker.java:707)at org.testng.internal.Invoker.invokeTestMethods(Invoker.java:979)at org.testng.internal.TestMethodWorker.invokeTestMethods(TestMethodWorker.java:125)at org.testng.internal.TestMethodWorker.run(TestMethodWorker.java:109)at org.testng.TestRunner.privateRun(TestRunner.java:648)at org.testng.TestRunner.run(TestRunner.java:505)at org.testng.SuiteRunner.runTest(SuiteRunner.java:455)at org.testng.SuiteRunner.runSequentially(SuiteRunner.java:450)at org.testng.SuiteRunner.privateRun(SuiteRunner.java:415)at org.testng.SuiteRunner.run(SuiteRunner.java:364)at org.testng.SuiteRunnerWorker.runSuite(SuiteRunnerWorker.java:52)at org.testng.SuiteRunnerWorker.run(SuiteRunnerWorker.java:84)at org.testng.TestNG.runSuitesSequentially(TestNG.java:1187)at org.testng.TestNG.runSuitesLocally(TestNG.java:1116)at org.testng.TestNG.runSuites(TestNG.java:1028)at org.testng.TestNG.run(TestNG.java:996)at org.testng.remote.AbstractRemoteTestNG.run(AbstractRemoteTestNG.java:114)at org.testng.remote.RemoteTestNG.initAndRun(RemoteTestNG.java:251)at org.testng.remote.RemoteTestNG.main(RemoteTestNG.java:77)Caused by: cucumber.runtime.CucumberException: Arity mismatch: Step Definition 'com.revature.cuketests.TrainerCukes.loggedAsTrainer(WebDriver) in file:/C:/project_2_repo/TA_Framework/TA_Framework_Maven/target/classes/' with pattern [^I am logged in as a trainer <webdriver>$] is declared with 1 parameters. However, the gherkin step has 0 arguments []. Step: Given I am logged in as a trainer <webdriver>at cucumber.runtime.StepDefinitionMatch.arityMismatch(StepDefinitionMatch.java:102)at cucumber.runtime.StepDefinitionMatch.transformedArgs(StepDefinitionMatch.java:60)at cucumber.runtime.StepDefinitionMatch.runStep(StepDefinitionMatch.java:37)at cucumber.runtime.Runtime.runStep(Runtime.java:300)at cucumber.runtime.model.StepContainer.runStep(StepContainer.java:44)at cucumber.runtime.model.StepContainer.runSteps(StepContainer.java:39)at cucumber.runtime.model.CucumberScenario.run(CucumberScenario.java:44)at cucumber.runtime.model.CucumberFeature.run(CucumberFeature.java:165)at cucumber.api.testng.TestNGCucumberRunner.runCucumber(TestNGCucumberRunner.java:63)... 26 more]]>
            </full-stacktrace>
          </exception> <!-- cucumber.runtime.CucumberException -->
          <reporter-output>
          </reporter-output>
        </test-method> <!-- feature -->
        <test-method signature="feature(cucumber.api.testng.CucumberFeatureWrapper)[pri:0, instance:com.revature.TrainerSuite@4a9cc6cb]" started-at="2018-01-27T14:13:53Z" name="feature" description="Runs Cucumber Feature" data-provider="features" finished-at="2018-01-27T14:13:53Z" duration-ms="39" status="FAIL">
          <params>
            <param index="0">
              <value>
                <![CDATA[Reports Tab for trainers]]>
              </value>
            </param>
          </params>
          <exception class="cucumber.runtime.CucumberException">
            <message>
              <![CDATA[cucumber.runtime.CucumberException: Arity mismatch: Step Definition 'com.revature.cuketests.ReportsCukes.clickReports(WebDriver) in file:/C:/project_2_repo/TA_Framework/TA_Framework_Maven/target/classes/' with pattern [^Click the Reports tab <webdriver>$] is declared with 1 parameters. However, the gherkin step has 0 arguments []. Step: When Click the Reports tab <webdriver>]]>
            </message>
            <full-stacktrace>
              <![CDATA[cucumber.runtime.CucumberException: cucumber.runtime.CucumberException: Arity mismatch: Step Definition 'com.revature.cuketests.ReportsCukes.clickReports(WebDriver) in file:/C:/project_2_repo/TA_Framework/TA_Framework_Maven/target/classes/' with pattern [^Click the Reports tab <webdriver>$] is declared with 1 parameters. However, the gherkin step has 0 arguments []. Step: When Click the Reports tab <webdriver>at cucumber.api.testng.TestNGCucumberRunner.runCucumber(TestNGCucumberRunner.java:69)at cucumber.api.testng.AbstractTestNGCucumberTests.feature(AbstractTestNGCucumberTests.java:21)at java.base/jdk.internal.reflect.NativeMethodAccessorImpl.invoke0(Native Method)at java.base/jdk.internal.reflect.NativeMethodAccessorImpl.invoke(Unknown Source)at java.base/jdk.internal.reflect.DelegatingMethodAccessorImpl.invoke(Unknown Source)at java.base/java.lang.reflect.Method.invoke(Unknown Source)at org.testng.internal.MethodInvocationHelper.invokeMethod(MethodInvocationHelper.java:124)at org.testng.internal.Invoker.invokeMethod(Invoker.java:571)at org.testng.internal.Invoker.invokeTestMethod(Invoker.java:707)at org.testng.internal.Invoker.invokeTestMethods(Invoker.java:979)at org.testng.internal.TestMethodWorker.invokeTestMethods(TestMethodWorker.java:125)at org.testng.internal.TestMethodWorker.run(TestMethodWorker.java:109)at org.testng.TestRunner.privateRun(TestRunner.java:648)at org.testng.TestRunner.run(TestRunner.java:505)at org.testng.SuiteRunner.runTest(SuiteRunner.java:455)at org.testng.SuiteRunner.runSequentially(SuiteRunner.java:450)at org.testng.SuiteRunner.privateRun(SuiteRunner.java:415)at org.testng.SuiteRunner.run(SuiteRunner.java:364)at org.testng.SuiteRunnerWorker.runSuite(SuiteRunnerWorker.java:52)at org.testng.SuiteRunnerWorker.run(SuiteRunnerWorker.java:84)at org.testng.TestNG.runSuitesSequentially(TestNG.java:1187)at org.testng.TestNG.runSuitesLocally(TestNG.java:1116)at org.testng.TestNG.runSuites(TestNG.java:1028)at org.testng.TestNG.run(TestNG.java:996)at org.testng.remote.AbstractRemoteTestNG.run(AbstractRemoteTestNG.java:114)at org.testng.remote.RemoteTestNG.initAndRun(RemoteTestNG.java:251)at org.testng.remote.RemoteTestNG.main(RemoteTestNG.java:77)Caused by: cucumber.runtime.CucumberException: Arity mismatch: Step Definition 'com.revature.cuketests.ReportsCukes.clickReports(WebDriver) in file:/C:/project_2_repo/TA_Framework/TA_Framework_Maven/target/classes/' with pattern [^Click the Reports tab <webdriver>$] is declared with 1 parameters. However, the gherkin step has 0 arguments []. Step: When Click the Reports tab <webdriver>at cucumber.runtime.StepDefinitionMatch.arityMismatch(StepDefinitionMatch.java:102)at cucumber.runtime.StepDefinitionMatch.transformedArgs(StepDefinitionMatch.java:60)at cucumber.runtime.StepDefinitionMatch.runStep(StepDefinitionMatch.java:37)at cucumber.runtime.Runtime.runStep(Runtime.java:300)at cucumber.runtime.model.StepContainer.runStep(StepContainer.java:44)at cucumber.runtime.model.StepContainer.runSteps(StepContainer.java:39)at cucumber.runtime.model.CucumberScenario.run(CucumberScenario.java:44)at cucumber.runtime.model.CucumberFeature.run(CucumberFeature.java:165)at cucumber.api.testng.TestNGCucumberRunner.runCucumber(TestNGCucumberRunner.java:63)... 26 more]]>
            </full-stacktrace>
          </exception> <!-- cucumber.runtime.CucumberException -->
          <reporter-output>
          </reporter-output>
        </test-method> <!-- feature -->
        <test-method signature="feature(cucumber.api.testng.CucumberFeatureWrapper)[pri:0, instance:com.revature.TrainerSuite@4a9cc6cb]" started-at="2018-01-27T14:13:53Z" name="feature" description="Runs Cucumber Feature" data-provider="features" finished-at="2018-01-27T14:13:53Z" duration-ms="36" status="FAIL">
          <params>
            <param index="0">
              <value>
                <![CDATA[Trainers Tab for trainers]]>
              </value>
            </param>
          </params>
          <exception class="cucumber.runtime.CucumberException">
            <message>
              <![CDATA[cucumber.runtime.CucumberException: Arity mismatch: Step Definition 'com.revature.cuketests.TrainerCukes.clickTrainers(WebDriver) in file:/C:/project_2_repo/TA_Framework/TA_Framework_Maven/target/classes/' with pattern [^Click the Trainers tab <webdriver>$] is declared with 1 parameters. However, the gherkin step has 0 arguments []. Step: When Click the Trainers tab <webdriver>]]>
            </message>
            <full-stacktrace>
              <![CDATA[cucumber.runtime.CucumberException: cucumber.runtime.CucumberException: Arity mismatch: Step Definition 'com.revature.cuketests.TrainerCukes.clickTrainers(WebDriver) in file:/C:/project_2_repo/TA_Framework/TA_Framework_Maven/target/classes/' with pattern [^Click the Trainers tab <webdriver>$] is declared with 1 parameters. However, the gherkin step has 0 arguments []. Step: When Click the Trainers tab <webdriver>at cucumber.api.testng.TestNGCucumberRunner.runCucumber(TestNGCucumberRunner.java:69)at cucumber.api.testng.AbstractTestNGCucumberTests.feature(AbstractTestNGCucumberTests.java:21)at java.base/jdk.internal.reflect.NativeMethodAccessorImpl.invoke0(Native Method)at java.base/jdk.internal.reflect.NativeMethodAccessorImpl.invoke(Unknown Source)at java.base/jdk.internal.reflect.DelegatingMethodAccessorImpl.invoke(Unknown Source)at java.base/java.lang.reflect.Method.invoke(Unknown Source)at org.testng.internal.MethodInvocationHelper.invokeMethod(MethodInvocationHelper.java:124)at org.testng.internal.Invoker.invokeMethod(Invoker.java:571)at org.testng.internal.Invoker.invokeTestMethod(Invoker.java:707)at org.testng.internal.Invoker.invokeTestMethods(Invoker.java:979)at org.testng.internal.TestMethodWorker.invokeTestMethods(TestMethodWorker.java:125)at org.testng.internal.TestMethodWorker.run(TestMethodWorker.java:109)at org.testng.TestRunner.privateRun(TestRunner.java:648)at org.testng.TestRunner.run(TestRunner.java:505)at org.testng.SuiteRunner.runTest(SuiteRunner.java:455)at org.testng.SuiteRunner.runSequentially(SuiteRunner.java:450)at org.testng.SuiteRunner.privateRun(SuiteRunner.java:415)at org.testng.SuiteRunner.run(SuiteRunner.java:364)at org.testng.SuiteRunnerWorker.runSuite(SuiteRunnerWorker.java:52)at org.testng.SuiteRunnerWorker.run(SuiteRunnerWorker.java:84)at org.testng.TestNG.runSuitesSequentially(TestNG.java:1187)at org.testng.TestNG.runSuitesLocally(TestNG.java:1116)at org.testng.TestNG.runSuites(TestNG.java:1028)at org.testng.TestNG.run(TestNG.java:996)at org.testng.remote.AbstractRemoteTestNG.run(AbstractRemoteTestNG.java:114)at org.testng.remote.RemoteTestNG.initAndRun(RemoteTestNG.java:251)at org.testng.remote.RemoteTestNG.main(RemoteTestNG.java:77)Caused by: cucumber.runtime.CucumberException: Arity mismatch: Step Definition 'com.revature.cuketests.TrainerCukes.clickTrainers(WebDriver) in file:/C:/project_2_repo/TA_Framework/TA_Framework_Maven/target/classes/' with pattern [^Click the Trainers tab <webdriver>$] is declared with 1 parameters. However, the gherkin step has 0 arguments []. Step: When Click the Trainers tab <webdriver>at cucumber.runtime.StepDefinitionMatch.arityMismatch(StepDefinitionMatch.java:102)at cucumber.runtime.StepDefinitionMatch.transformedArgs(StepDefinitionMatch.java:60)at cucumber.runtime.StepDefinitionMatch.runStep(StepDefinitionMatch.java:37)at cucumber.runtime.Runtime.runStep(Runtime.java:300)at cucumber.runtime.model.StepContainer.runStep(StepContainer.java:44)at cucumber.runtime.model.StepContainer.runSteps(StepContainer.java:39)at cucumber.runtime.model.CucumberScenario.run(CucumberScenario.java:44)at cucumber.runtime.model.CucumberFeature.run(CucumberFeature.java:165)at cucumber.api.testng.TestNGCucumberRunner.runCucumber(TestNGCucumberRunner.java:63)... 26 more]]>
            </full-stacktrace>
          </exception> <!-- cucumber.runtime.CucumberException -->
          <reporter-output>
          </reporter-output>
        </test-method> <!-- feature -->
        <test-method is-config="true" signature="tearDownClass()[pri:0, instance:com.revature.TrainerSuite@4a9cc6cb]" started-at="2018-01-27T14:13:53Z" name="tearDownClass" finished-at="2018-01-27T14:13:53Z" duration-ms="58" status="PASS">
          <reporter-output>
          </reporter-output>
        </test-method> <!-- tearDownClass -->
        <test-method is-config="true" signature="afterSuite()[pri:0, instance:com.revature.TrainerSuite@4a9cc6cb]" started-at="2018-01-27T14:13:53Z" name="afterSuite" finished-at="2018-01-27T14:13:58Z" duration-ms="4673" status="PASS">
          <reporter-output>
          </reporter-output>
        </test-method> <!-- afterSuite -->
      </class> <!-- com.revature.TrainerSuite -->
    </test> <!-- Default test -->
  </suite> <!-- Default suite -->
</testng-results>
