<?xml version="1.0" encoding="UTF-8"?>
<testng-results skipped="0" failed="0" ignored="0" total="2" passed="2">
  <reporter-output>
  </reporter-output>
  <suite name="Suite" duration-ms="3866" started-at="2018-01-26T21:47:45Z" finished-at="2018-01-26T21:47:48Z">
    <groups>
      <group name="cucumber">
        <method signature="AbstractTestNGCucumberTests.feature(cucumber.api.testng.CucumberFeatureWrapper)[pri:0, instance:com.revature.TestOverview@7d900ecf]" name="feature" class="cucumber.api.testng.AbstractTestNGCucumberTests"/>
      </group> <!-- cucumber -->
    </groups>
    <test name="TestOverview" duration-ms="3866" started-at="2018-01-26T21:47:45Z" finished-at="2018-01-26T21:47:48Z">
      <class name="com.revature.TestOverview">
        <test-method status="PASS" signature="beforeSuite()[pri:0, instance:com.revature.TestOverview@7d900ecf]" name="beforeSuite" is-config="true" duration-ms="3737" started-at="2018-01-26T16:47:41Z" finished-at="2018-01-26T16:47:45Z">
          <reporter-output>
          </reporter-output>
        </test-method> <!-- beforeSuite -->
        <test-method status="PASS" signature="beforeTest()[pri:0, instance:com.revature.TestOverview@7d900ecf]" name="beforeTest" is-config="true" duration-ms="0" started-at="2018-01-26T16:47:45Z" finished-at="2018-01-26T16:47:45Z">
          <reporter-output>
          </reporter-output>
        </test-method> <!-- beforeTest -->
        <test-method status="PASS" signature="setUpClass()[pri:0, instance:com.revature.TestOverview@7d900ecf]" name="setUpClass" is-config="true" duration-ms="361" started-at="2018-01-26T16:47:45Z" finished-at="2018-01-26T16:47:45Z">
          <reporter-output>
          </reporter-output>
        </test-method> <!-- setUpClass -->
        <test-method status="PASS" signature="feature(cucumber.api.testng.CucumberFeatureWrapper)[pri:0, instance:com.revature.TestOverview@7d900ecf]" name="feature" duration-ms="107" started-at="2018-01-26T16:47:45Z" description="Runs Cucumber Feature" data-provider="features" finished-at="2018-01-26T16:47:45Z">
          <params>
            <param index="0">
              <value>
                <![CDATA[Overview Tab for trainers]]>
              </value>
            </param>
          </params>
          <reporter-output>
          </reporter-output>
        </test-method> <!-- feature -->
        <test-method status="PASS" signature="TestClickOverview()[pri:1, instance:com.revature.TestOverview@7d900ecf]" name="TestClickOverview" duration-ms="3275" started-at="2018-01-26T16:47:45Z" finished-at="2018-01-26T16:47:48Z">
          <reporter-output>
          </reporter-output>
        </test-method> <!-- TestClickOverview -->
        <test-method status="PASS" signature="tearDownClass()[pri:0, instance:com.revature.TestOverview@7d900ecf]" name="tearDownClass" is-config="true" duration-ms="2" started-at="2018-01-26T16:47:48Z" finished-at="2018-01-26T16:47:48Z">
          <reporter-output>
          </reporter-output>
        </test-method> <!-- tearDownClass -->
        <test-method status="PASS" signature="afterTest()[pri:0, instance:com.revature.TestOverview@7d900ecf]" name="afterTest" is-config="true" duration-ms="1" started-at="2018-01-26T16:47:48Z" finished-at="2018-01-26T16:47:48Z">
          <reporter-output>
          </reporter-output>
        </test-method> <!-- afterTest -->
        <test-method status="PASS" signature="afterSuite()[pri:0, instance:com.revature.TestOverview@7d900ecf]" name="afterSuite" is-config="true" duration-ms="1312" started-at="2018-01-26T16:47:48Z" finished-at="2018-01-26T16:47:50Z">
          <reporter-output>
          </reporter-output>
        </test-method> <!-- afterSuite -->
      </class> <!-- com.revature.TestOverview -->
    </test> <!-- TestOverview -->
  </suite> <!-- Suite -->
</testng-results>
