<?xml version="1.0" encoding="UTF-8"?>
<testng-results ignored="0" total="9" passed="9" failed="0" skipped="0">
  <reporter-output>
  </reporter-output>
  <suite started-at="2018-01-28T02:02:35Z" name="Default suite" finished-at="2018-01-28T02:02:40Z" duration-ms="4901">
    <groups>
      <group name="cucumber">
        <method signature="AbstractTestNGCucumberTests.feature(cucumber.api.testng.CucumberFeatureWrapper)[pri:0, instance:com.revature.tests.trainer.TestTrainers@46c670a6]" name="feature" class="cucumber.api.testng.AbstractTestNGCucumberTests"/>
      </group> <!-- cucumber -->
    </groups>
    <test started-at="2018-01-28T02:02:35Z" name="Default test" finished-at="2018-01-28T02:02:40Z" duration-ms="4901">
      <class name="com.revature.tests.trainer.TestTrainers">
        <test-method is-config="true" signature="beforeSuite()[pri:0, instance:com.revature.tests.trainer.TestTrainers@46c670a6]" started-at="2018-01-27T21:02:31Z" name="beforeSuite" finished-at="2018-01-27T21:02:35Z" duration-ms="4663" status="PASS">
          <reporter-output>
          </reporter-output>
        </test-method> <!-- beforeSuite -->
        <test-method is-config="true" signature="beforeTest()[pri:0, instance:com.revature.tests.trainer.TestTrainers@46c670a6]" started-at="2018-01-27T21:02:35Z" name="beforeTest" finished-at="2018-01-27T21:02:35Z" duration-ms="0" status="PASS">
          <reporter-output>
          </reporter-output>
        </test-method> <!-- beforeTest -->
        <test-method is-config="true" signature="setUpClass()[pri:0, instance:com.revature.tests.trainer.TestTrainers@46c670a6]" started-at="2018-01-27T21:02:35Z" name="setUpClass" finished-at="2018-01-27T21:02:36Z" duration-ms="785" status="PASS">
          <reporter-output>
          </reporter-output>
        </test-method> <!-- setUpClass -->
        <test-method signature="feature(cucumber.api.testng.CucumberFeatureWrapper)[pri:0, instance:com.revature.tests.trainer.TestTrainers@46c670a6]" started-at="2018-01-27T21:02:36Z" name="feature" description="Runs Cucumber Feature" data-provider="features" finished-at="2018-01-27T21:02:36Z" duration-ms="12" status="PASS">
          <params>
            <param index="0">
              <value>
                <![CDATA[Locations Tab for trainers]]>
              </value>
            </param>
          </params>
          <reporter-output>
          </reporter-output>
        </test-method> <!-- feature -->
        <test-method signature="feature(cucumber.api.testng.CucumberFeatureWrapper)[pri:0, instance:com.revature.tests.trainer.TestTrainers@46c670a6]" started-at="2018-01-27T21:02:36Z" name="feature" description="Runs Cucumber Feature" data-provider="features" finished-at="2018-01-27T21:02:36Z" duration-ms="5" status="PASS">
          <params>
            <param index="0">
              <value>
                <![CDATA[Overview Tab for trainers]]>
              </value>
            </param>
          </params>
          <reporter-output>
          </reporter-output>
        </test-method> <!-- feature -->
        <test-method signature="feature(cucumber.api.testng.CucumberFeatureWrapper)[pri:0, instance:com.revature.tests.trainer.TestTrainers@46c670a6]" started-at="2018-01-27T21:02:36Z" name="feature" description="Runs Cucumber Feature" data-provider="features" finished-at="2018-01-27T21:02:36Z" duration-ms="3" status="PASS">
          <params>
            <param index="0">
              <value>
                <![CDATA[Reports Tab for trainers]]>
              </value>
            </param>
          </params>
          <reporter-output>
          </reporter-output>
        </test-method> <!-- feature -->
        <test-method signature="feature(cucumber.api.testng.CucumberFeatureWrapper)[pri:0, instance:com.revature.tests.trainer.TestTrainers@46c670a6]" started-at="2018-01-27T21:02:36Z" name="feature" description="Runs Cucumber Feature" data-provider="features" finished-at="2018-01-27T21:02:36Z" duration-ms="2" status="PASS">
          <params>
            <param index="0">
              <value>
                <![CDATA[Settings to test on the]]>
              </value>
            </param>
          </params>
          <reporter-output>
          </reporter-output>
        </test-method> <!-- feature -->
        <test-method signature="feature(cucumber.api.testng.CucumberFeatureWrapper)[pri:0, instance:com.revature.tests.trainer.TestTrainers@46c670a6]" started-at="2018-01-27T21:02:36Z" name="feature" description="Runs Cucumber Feature" data-provider="features" finished-at="2018-01-27T21:02:36Z" duration-ms="2" status="PASS">
          <params>
            <param index="0">
              <value>
                <![CDATA[Trainers Tab for trainers]]>
              </value>
            </param>
          </params>
          <reporter-output>
          </reporter-output>
        </test-method> <!-- feature -->
        <test-method signature="onTrainersTab()[pri:1, instance:com.revature.tests.trainer.TestTrainers@46c670a6]" started-at="2018-01-27T21:02:36Z" name="onTrainersTab" finished-at="2018-01-27T21:02:40Z" duration-ms="3218" status="PASS">
          <reporter-output>
          </reporter-output>
        </test-method> <!-- onTrainersTab -->
        <test-method signature="ptoCalendarButtonExists()[pri:2, instance:com.revature.tests.trainer.TestTrainers@46c670a6]" started-at="2018-01-27T21:02:40Z" name="ptoCalendarButtonExists" finished-at="2018-01-27T21:02:40Z" duration-ms="94" status="PASS">
          <reporter-output>
          </reporter-output>
        </test-method> <!-- ptoCalendarButtonExists -->
        <test-method signature="downloadButtonExists()[pri:3, instance:com.revature.tests.trainer.TestTrainers@46c670a6]" started-at="2018-01-27T21:02:40Z" name="downloadButtonExists" finished-at="2018-01-27T21:02:40Z" duration-ms="60" status="PASS">
          <reporter-output>
          </reporter-output>
        </test-method> <!-- downloadButtonExists -->
        <test-method signature="clickCalendarButton()[pri:4, instance:com.revature.tests.trainer.TestTrainers@46c670a6]" started-at="2018-01-27T21:02:40Z" name="clickCalendarButton" finished-at="2018-01-27T21:02:40Z" duration-ms="503" status="PASS">
          <reporter-output>
          </reporter-output>
        </test-method> <!-- clickCalendarButton -->
        <test-method is-config="true" signature="tearDownClass()[pri:0, instance:com.revature.tests.trainer.TestTrainers@46c670a6]" started-at="2018-01-27T21:02:40Z" name="tearDownClass" finished-at="2018-01-27T21:02:40Z" duration-ms="9" status="PASS">
          <reporter-output>
          </reporter-output>
        </test-method> <!-- tearDownClass -->
        <test-method is-config="true" signature="afterTest()[pri:0, instance:com.revature.tests.trainer.TestTrainers@46c670a6]" started-at="2018-01-27T21:02:40Z" name="afterTest" finished-at="2018-01-27T21:02:40Z" duration-ms="1" status="PASS">
          <reporter-output>
          </reporter-output>
        </test-method> <!-- afterTest -->
        <test-method is-config="true" signature="afterSuite()[pri:0, instance:com.revature.tests.trainer.TestTrainers@46c670a6]" started-at="2018-01-27T21:02:40Z" name="afterSuite" finished-at="2018-01-27T21:02:42Z" duration-ms="1123" status="FAIL">
          <exception class="org.openqa.selenium.WebDriverException">
            <message>
              <![CDATA[unknown error: Element <li class="md-nav-item ng-scope ng-isolate-scope layout-align-end-end" role="option" aria-selected="false" md-nav-click="mCtrl.logout();" name="logout" layout-align="end end">...</li> is not clickable at point (967, 120). Other element would receive the click: <div class="md-dialog-container ng-scope" tabindex="-1" style="top: 0px; height: 708px;">...</div>  (Session info: chrome=63.0.3239.132)  (Driver info: chromedriver=2.35.528161 (5b82f2d2aae0ca24b877009200ced9065a772e73),platform=Windows NT 10.0.16299 x86_64) (WARNING: The server did not provide any stacktrace information)Command duration or timeout: 0 millisecondsBuild info: version: '3.8.1', revision: '6e95a6684b', time: '2017-12-01T18:33:54.468Z'System info: host: 'DESKTOP-EDGVJKP', ip: '192.168.61.105', os.name: 'Windows 10', os.arch: 'amd64', os.version: '10.0', java.version: '9.0.1'Driver info: org.openqa.selenium.chrome.ChromeDriverCapabilities {acceptInsecureCerts: false, acceptSslCerts: false, applicationCacheEnabled: false, browserConnectionEnabled: false, browserName: chrome, chrome: {chromedriverVersion: 2.35.528161 (5b82f2d2aae0ca..., userDataDir: C:\Users\AminPC\AppData\Loc...}, cssSelectorsEnabled: true, databaseEnabled: false, handlesAlerts: true, hasTouchScreen: false, javascriptEnabled: true, locationContextEnabled: true, mobileEmulationEnabled: false, nativeEvents: true, networkConnectionEnabled: false, pageLoadStrategy: normal, platform: XP, platformName: XP, rotatable: false, setWindowRect: true, takesHeapSnapshot: true, takesScreenshot: true, unexpectedAlertBehaviour: , unhandledPromptBehavior: , version: 63.0.3239.132, webStorageEnabled: true}Session ID: edcba0bc63610ae29b4a9353e2b4d704]]>
            </message>
            <full-stacktrace>
              <![CDATA[org.openqa.selenium.WebDriverException: unknown error: Element <li class="md-nav-item ng-scope ng-isolate-scope layout-align-end-end" role="option" aria-selected="false" md-nav-click="mCtrl.logout();" name="logout" layout-align="end end">...</li> is not clickable at point (967, 120). Other element would receive the click: <div class="md-dialog-container ng-scope" tabindex="-1" style="top: 0px; height: 708px;">...</div>  (Session info: chrome=63.0.3239.132)  (Driver info: chromedriver=2.35.528161 (5b82f2d2aae0ca24b877009200ced9065a772e73),platform=Windows NT 10.0.16299 x86_64) (WARNING: The server did not provide any stacktrace information)Command duration or timeout: 0 millisecondsBuild info: version: '3.8.1', revision: '6e95a6684b', time: '2017-12-01T18:33:54.468Z'System info: host: 'DESKTOP-EDGVJKP', ip: '192.168.61.105', os.name: 'Windows 10', os.arch: 'amd64', os.version: '10.0', java.version: '9.0.1'Driver info: org.openqa.selenium.chrome.ChromeDriverCapabilities {acceptInsecureCerts: false, acceptSslCerts: false, applicationCacheEnabled: false, browserConnectionEnabled: false, browserName: chrome, chrome: {chromedriverVersion: 2.35.528161 (5b82f2d2aae0ca..., userDataDir: C:\Users\AminPC\AppData\Loc...}, cssSelectorsEnabled: true, databaseEnabled: false, handlesAlerts: true, hasTouchScreen: false, javascriptEnabled: true, locationContextEnabled: true, mobileEmulationEnabled: false, nativeEvents: true, networkConnectionEnabled: false, pageLoadStrategy: normal, platform: XP, platformName: XP, rotatable: false, setWindowRect: true, takesHeapSnapshot: true, takesScreenshot: true, unexpectedAlertBehaviour: , unhandledPromptBehavior: , version: 63.0.3239.132, webStorageEnabled: true}Session ID: edcba0bc63610ae29b4a9353e2b4d704at java.base/jdk.internal.reflect.NativeConstructorAccessorImpl.newInstance0(Native Method)at java.base/jdk.internal.reflect.NativeConstructorAccessorImpl.newInstance(Unknown Source)at java.base/jdk.internal.reflect.DelegatingConstructorAccessorImpl.newInstance(Unknown Source)at java.base/java.lang.reflect.Constructor.newInstance(Unknown Source)at org.openqa.selenium.remote.ErrorHandler.createThrowable(ErrorHandler.java:214)at org.openqa.selenium.remote.ErrorHandler.throwIfResponseFailed(ErrorHandler.java:166)at org.openqa.selenium.remote.http.JsonHttpResponseCodec.reconstructValue(JsonHttpResponseCodec.java:40)at org.openqa.selenium.remote.http.AbstractHttpResponseCodec.decode(AbstractHttpResponseCodec.java:80)at org.openqa.selenium.remote.http.AbstractHttpResponseCodec.decode(AbstractHttpResponseCodec.java:44)at org.openqa.selenium.remote.HttpCommandExecutor.execute(HttpCommandExecutor.java:164)at org.openqa.selenium.remote.service.DriverCommandExecutor.execute(DriverCommandExecutor.java:83)at org.openqa.selenium.remote.RemoteWebDriver.execute(RemoteWebDriver.java:601)at org.openqa.selenium.remote.RemoteWebElement.execute(RemoteWebElement.java:279)at org.openqa.selenium.remote.RemoteWebElement.click(RemoteWebElement.java:83)at com.revature.tests.trainer.TrainerSuite.afterSuite(TrainerSuite.java:43)at java.base/jdk.internal.reflect.NativeMethodAccessorImpl.invoke0(Native Method)at java.base/jdk.internal.reflect.NativeMethodAccessorImpl.invoke(Unknown Source)at java.base/jdk.internal.reflect.DelegatingMethodAccessorImpl.invoke(Unknown Source)at java.base/java.lang.reflect.Method.invoke(Unknown Source)at org.testng.internal.MethodInvocationHelper.invokeMethod(MethodInvocationHelper.java:124)at org.testng.internal.MethodInvocationHelper.invokeMethodConsideringTimeout(MethodInvocationHelper.java:59)at org.testng.internal.Invoker.invokeConfigurationMethod(Invoker.java:451)at org.testng.internal.Invoker.invokeConfigurations(Invoker.java:222)at org.testng.internal.Invoker.invokeConfigurations(Invoker.java:142)at org.testng.SuiteRunner.privateRun(SuiteRunner.java:425)at org.testng.SuiteRunner.run(SuiteRunner.java:364)at org.testng.SuiteRunnerWorker.runSuite(SuiteRunnerWorker.java:52)at org.testng.SuiteRunnerWorker.run(SuiteRunnerWorker.java:84)at org.testng.TestNG.runSuitesSequentially(TestNG.java:1187)at org.testng.TestNG.runSuitesLocally(TestNG.java:1116)at org.testng.TestNG.runSuites(TestNG.java:1028)at org.testng.TestNG.run(TestNG.java:996)at org.testng.remote.AbstractRemoteTestNG.run(AbstractRemoteTestNG.java:114)at org.testng.remote.RemoteTestNG.initAndRun(RemoteTestNG.java:251)at org.testng.remote.RemoteTestNG.main(RemoteTestNG.java:77)]]>
            </full-stacktrace>
          </exception> <!-- org.openqa.selenium.WebDriverException -->
          <reporter-output>
          </reporter-output>
        </test-method> <!-- afterSuite -->
      </class> <!-- com.revature.tests.trainer.TestTrainers -->
    </test> <!-- Default test -->
  </suite> <!-- Default suite -->
</testng-results>
