<?xml version="1.0" encoding="UTF-8"?>
<testng-results skipped="0" failed="0" ignored="0" total="1" passed="1">
  <reporter-output>
  </reporter-output>
  <suite name="Default suite" duration-ms="3482" started-at="2018-01-25T20:10:09Z" finished-at="2018-01-25T20:10:13Z">
    <groups>
      <group name="cucumber">
        <method signature="AbstractTestNGCucumberTests.feature(cucumber.api.testng.CucumberFeatureWrapper)[pri:0, instance:com.revature.TestRunner@1794d431]" name="feature" class="cucumber.api.testng.AbstractTestNGCucumberTests"/>
      </group> <!-- cucumber -->
    </groups>
    <test name="Default test" duration-ms="3482" started-at="2018-01-25T20:10:09Z" finished-at="2018-01-25T20:10:13Z">
      <class name="com.revature.TestRunner">
        <test-method status="PASS" signature="beforeSuite()[pri:0, instance:com.revature.TestRunner@1794d431]" name="beforeSuite" is-config="true" duration-ms="6599" started-at="2018-01-25T15:10:03Z" finished-at="2018-01-25T15:10:09Z">
          <reporter-output>
          </reporter-output>
        </test-method> <!-- beforeSuite -->
        <test-method status="PASS" signature="beforeTest()[pri:0, instance:com.revature.TestRunner@1794d431]" name="beforeTest" is-config="true" duration-ms="3167" started-at="2018-01-25T15:10:09Z" finished-at="2018-01-25T15:10:13Z">
          <reporter-output>
          </reporter-output>
        </test-method> <!-- beforeTest -->
        <test-method status="PASS" signature="setUpClass()[pri:0, instance:com.revature.TestRunner@1794d431]" name="setUpClass" is-config="true" duration-ms="202" started-at="2018-01-25T15:10:13Z" finished-at="2018-01-25T15:10:13Z">
          <reporter-output>
          </reporter-output>
        </test-method> <!-- setUpClass -->
        <test-method status="PASS" signature="feature(cucumber.api.testng.CucumberFeatureWrapper)[pri:0, instance:com.revature.TestRunner@1794d431]" name="feature" duration-ms="12" started-at="2018-01-25T15:10:13Z" description="Runs Cucumber Feature" data-provider="features" finished-at="2018-01-25T15:10:13Z">
          <params>
            <param index="0">
              <value>
                <![CDATA[Overview Tab for trainers]]>
              </value>
            </param>
          </params>
          <reporter-output>
          </reporter-output>
        </test-method> <!-- feature -->
        <test-method status="PASS" signature="tearDownClass()[pri:0, instance:com.revature.TestRunner@1794d431]" name="tearDownClass" is-config="true" duration-ms="6" started-at="2018-01-25T15:10:13Z" finished-at="2018-01-25T15:10:13Z">
          <reporter-output>
          </reporter-output>
        </test-method> <!-- tearDownClass -->
        <test-method status="PASS" signature="afterTest()[pri:0, instance:com.revature.TestRunner@1794d431]" name="afterTest" is-config="true" duration-ms="1" started-at="2018-01-25T15:10:13Z" finished-at="2018-01-25T15:10:13Z">
          <reporter-output>
          </reporter-output>
        </test-method> <!-- afterTest -->
        <test-method status="PASS" signature="afterSuite()[pri:0, instance:com.revature.TestRunner@1794d431]" name="afterSuite" is-config="true" duration-ms="1162" started-at="2018-01-25T15:10:13Z" finished-at="2018-01-25T15:10:14Z">
          <reporter-output>
          </reporter-output>
        </test-method> <!-- afterSuite -->
      </class> <!-- com.revature.TestRunner -->
    </test> <!-- Default test -->
  </suite> <!-- Default suite -->
</testng-results>
