<?xml version="1.0" encoding="UTF-8"?>
<testng-results skipped="0" failed="0" ignored="2" total="11" passed="9">
  <reporter-output>
  </reporter-output>
  <suite name="Suite" duration-ms="16302" started-at="2018-01-26T21:50:51Z" finished-at="2018-01-26T21:51:08Z">
    <groups>
      <group name="cucumber">
        <method signature="AbstractTestNGCucumberTests.feature(cucumber.api.testng.CucumberFeatureWrapper)[pri:0, instance:com.revature.TestBatches@26be6ca7]" name="feature" class="cucumber.api.testng.AbstractTestNGCucumberTests"/>
        <method signature="AbstractTestNGCucumberTests.feature(cucumber.api.testng.CucumberFeatureWrapper)[pri:0, instance:com.revature.TestOverview@32057e6]" name="feature" class="cucumber.api.testng.AbstractTestNGCucumberTests"/>
      </group> <!-- cucumber -->
    </groups>
    <test name="TestOverview" duration-ms="16302" started-at="2018-01-26T21:50:51Z" finished-at="2018-01-26T21:51:08Z">
      <class name="com.revature.TestOverview">
        <test-method status="PASS" signature="beforeSuite()[pri:0, instance:com.revature.TestOverview@32057e6]" name="beforeSuite" is-config="true" duration-ms="4009" started-at="2018-01-26T16:50:47Z" finished-at="2018-01-26T16:50:51Z">
          <reporter-output>
          </reporter-output>
        </test-method> <!-- beforeSuite -->
        <test-method status="PASS" signature="setUpClass()[pri:0, instance:com.revature.TestOverview@32057e6]" name="setUpClass" is-config="true" duration-ms="497" started-at="2018-01-26T16:50:51Z" finished-at="2018-01-26T16:50:52Z">
          <reporter-output>
          </reporter-output>
        </test-method> <!-- setUpClass -->
        <test-method status="PASS" signature="feature(cucumber.api.testng.CucumberFeatureWrapper)[pri:0, instance:com.revature.TestOverview@32057e6]" name="feature" duration-ms="7" started-at="2018-01-26T16:50:52Z" description="Runs Cucumber Feature" data-provider="features" finished-at="2018-01-26T16:50:52Z">
          <params>
            <param index="0">
              <value>
                <![CDATA[Locations Tab for trainers]]>
              </value>
            </param>
          </params>
          <reporter-output>
          </reporter-output>
        </test-method> <!-- feature -->
        <test-method status="PASS" signature="feature(cucumber.api.testng.CucumberFeatureWrapper)[pri:0, instance:com.revature.TestOverview@32057e6]" name="feature" duration-ms="1" started-at="2018-01-26T16:50:52Z" description="Runs Cucumber Feature" data-provider="features" finished-at="2018-01-26T16:50:52Z">
          <params>
            <param index="0">
              <value>
                <![CDATA[Overview Tab for trainers]]>
              </value>
            </param>
          </params>
          <reporter-output>
          </reporter-output>
        </test-method> <!-- feature -->
        <test-method status="PASS" signature="TestOne()[pri:0, instance:com.revature.TestOverview@32057e6]" name="TestOne" duration-ms="3145" started-at="2018-01-26T16:50:52Z" finished-at="2018-01-26T16:50:55Z">
          <reporter-output>
          </reporter-output>
        </test-method> <!-- TestOne -->
        <test-method status="PASS" signature="TestTwo()[pri:0, instance:com.revature.TestOverview@32057e6]" name="TestTwo" duration-ms="3099" started-at="2018-01-26T16:50:55Z" finished-at="2018-01-26T16:50:58Z">
          <reporter-output>
          </reporter-output>
        </test-method> <!-- TestTwo -->
        <test-method status="PASS" signature="tearDownClass()[pri:0, instance:com.revature.TestOverview@32057e6]" name="tearDownClass" is-config="true" duration-ms="6" started-at="2018-01-26T16:50:58Z" finished-at="2018-01-26T16:50:58Z">
          <reporter-output>
          </reporter-output>
        </test-method> <!-- tearDownClass -->
        <test-method status="PASS" signature="afterSuite()[pri:0, instance:com.revature.TestOverview@32057e6]" name="afterSuite" is-config="true" duration-ms="3422" started-at="2018-01-26T16:51:08Z" finished-at="2018-01-26T16:51:11Z">
          <reporter-output>
          </reporter-output>
        </test-method> <!-- afterSuite -->
      </class> <!-- com.revature.TestOverview -->
      <class name="com.revature.TestBatches">
        <test-method status="PASS" signature="beforeTest()[pri:0, instance:com.revature.TestBatches@26be6ca7]" name="beforeTest" is-config="true" duration-ms="1" started-at="2018-01-26T16:50:51Z" finished-at="2018-01-26T16:50:51Z">
          <reporter-output>
          </reporter-output>
        </test-method> <!-- beforeTest -->
        <test-method status="PASS" signature="beforeTest()[pri:0, instance:com.revature.TestOverview@32057e6]" name="beforeTest" is-config="true" duration-ms="0" started-at="2018-01-26T16:50:51Z" finished-at="2018-01-26T16:50:51Z">
          <reporter-output>
          </reporter-output>
        </test-method> <!-- beforeTest -->
        <test-method status="PASS" signature="setUpClass()[pri:0, instance:com.revature.TestBatches@26be6ca7]" name="setUpClass" is-config="true" duration-ms="39" started-at="2018-01-26T16:50:58Z" finished-at="2018-01-26T16:50:58Z">
          <reporter-output>
          </reporter-output>
        </test-method> <!-- setUpClass -->
        <test-method status="PASS" signature="feature(cucumber.api.testng.CucumberFeatureWrapper)[pri:0, instance:com.revature.TestBatches@26be6ca7]" name="feature" duration-ms="1" started-at="2018-01-26T16:50:58Z" description="Runs Cucumber Feature" data-provider="features" finished-at="2018-01-26T16:50:58Z">
          <params>
            <param index="0">
              <value>
                <![CDATA[Locations Tab for trainers]]>
              </value>
            </param>
          </params>
          <reporter-output>
          </reporter-output>
        </test-method> <!-- feature -->
        <test-method status="PASS" signature="feature(cucumber.api.testng.CucumberFeatureWrapper)[pri:0, instance:com.revature.TestBatches@26be6ca7]" name="feature" duration-ms="2" started-at="2018-01-26T16:50:58Z" description="Runs Cucumber Feature" data-provider="features" finished-at="2018-01-26T16:50:58Z">
          <params>
            <param index="0">
              <value>
                <![CDATA[Overview Tab for trainers]]>
              </value>
            </param>
          </params>
          <reporter-output>
          </reporter-output>
        </test-method> <!-- feature -->
        <test-method status="PASS" signature="TestLocations()[pri:0, instance:com.revature.TestBatches@26be6ca7]" name="TestLocations" duration-ms="3192" started-at="2018-01-26T16:50:58Z" finished-at="2018-01-26T16:51:02Z">
          <reporter-output>
          </reporter-output>
        </test-method> <!-- TestLocations -->
        <test-method status="PASS" signature="TestOne()[pri:0, instance:com.revature.TestBatches@26be6ca7]" name="TestOne" duration-ms="3095" started-at="2018-01-26T16:51:02Z" finished-at="2018-01-26T16:51:05Z">
          <reporter-output>
          </reporter-output>
        </test-method> <!-- TestOne -->
        <test-method status="PASS" signature="TestTwo()[pri:0, instance:com.revature.TestBatches@26be6ca7]" name="TestTwo" duration-ms="3078" started-at="2018-01-26T16:51:05Z" finished-at="2018-01-26T16:51:08Z">
          <reporter-output>
          </reporter-output>
        </test-method> <!-- TestTwo -->
        <test-method status="PASS" signature="tearDownClass()[pri:0, instance:com.revature.TestBatches@26be6ca7]" name="tearDownClass" is-config="true" duration-ms="1" started-at="2018-01-26T16:51:08Z" finished-at="2018-01-26T16:51:08Z">
          <reporter-output>
          </reporter-output>
        </test-method> <!-- tearDownClass -->
        <test-method status="PASS" signature="afterTest()[pri:0, instance:com.revature.TestOverview@32057e6]" name="afterTest" is-config="true" duration-ms="0" started-at="2018-01-26T16:51:08Z" finished-at="2018-01-26T16:51:08Z">
          <reporter-output>
          </reporter-output>
        </test-method> <!-- afterTest -->
        <test-method status="PASS" signature="afterTest()[pri:0, instance:com.revature.TestBatches@26be6ca7]" name="afterTest" is-config="true" duration-ms="0" started-at="2018-01-26T16:51:08Z" finished-at="2018-01-26T16:51:08Z">
          <reporter-output>
          </reporter-output>
        </test-method> <!-- afterTest -->
      </class> <!-- com.revature.TestBatches -->
    </test> <!-- TestOverview -->
  </suite> <!-- Suite -->
</testng-results>
